mode: set
github.com/apimgr/vidveil/src/client/browser/open.go:30.32,33.22 2 1
github.com/apimgr/vidveil/src/client/browser/open.go:34.21,36.38 1 1
github.com/apimgr/vidveil/src/client/browser/open.go:37.22,38.35 1 0
github.com/apimgr/vidveil/src/client/browser/open.go:39.23,41.70 1 0
github.com/apimgr/vidveil/src/client/browser/open.go:42.56,44.38 1 0
github.com/apimgr/vidveil/src/client/browser/open.go:45.10,46.62 1 0
github.com/apimgr/vidveil/src/client/browser/open.go:50.2,50.20 1 1
github.com/apimgr/vidveil/src/client/browser/open.go:55.28,56.22 1 1
github.com/apimgr/vidveil/src/client/browser/open.go:57.71,60.20 2 1
github.com/apimgr/vidveil/src/client/browser/open.go:61.39,63.14 1 0
github.com/apimgr/vidveil/src/client/browser/open.go:64.10,65.15 1 0
github.com/apimgr/vidveil/src/common/httputil/detect.go:13.63,16.2 2 1
github.com/apimgr/vidveil/src/common/httputil/detect.go:21.42,42.39 3 1
github.com/apimgr/vidveil/src/common/httputil/detect.go:42.39,43.36 1 1
github.com/apimgr/vidveil/src/common/httputil/detect.go:43.36,45.4 1 1
github.com/apimgr/vidveil/src/common/httputil/detect.go:47.2,47.14 1 1
github.com/apimgr/vidveil/src/common/httputil/detect.go:52.39,60.33 3 1
github.com/apimgr/vidveil/src/common/httputil/detect.go:60.33,61.33 1 1
github.com/apimgr/vidveil/src/common/httputil/detect.go:61.33,63.4 1 1
github.com/apimgr/vidveil/src/common/httputil/detect.go:67.2,67.14 1 1
github.com/apimgr/vidveil/src/common/httputil/detect.go:67.14,69.3 1 1
github.com/apimgr/vidveil/src/common/httputil/detect.go:71.2,71.14 1 1
github.com/apimgr/vidveil/src/common/httputil/detect.go:77.71,79.36 1 1
github.com/apimgr/vidveil/src/common/httputil/detect.go:79.36,81.3 1 1
github.com/apimgr/vidveil/src/common/httputil/detect.go:84.2,84.22 1 1
github.com/apimgr/vidveil/src/common/httputil/detect.go:84.22,86.3 1 1
github.com/apimgr/vidveil/src/common/httputil/detect.go:89.2,89.19 1 1
github.com/apimgr/vidveil/src/common/httputil/detect.go:89.19,91.3 1 1
github.com/apimgr/vidveil/src/common/httputil/detect.go:93.2,93.14 1 1
github.com/apimgr/vidveil/src/common/httputil/html2text.go:13.63,15.16 2 1
github.com/apimgr/vidveil/src/common/httputil/html2text.go:15.16,17.3 1 0
github.com/apimgr/vidveil/src/common/httputil/html2text.go:19.2,21.21 3 1
github.com/apimgr/vidveil/src/common/httputil/html2text.go:25.73,26.16 1 1
github.com/apimgr/vidveil/src/common/httputil/html2text.go:27.24,28.17 1 1
github.com/apimgr/vidveil/src/common/httputil/html2text.go:29.13,34.34 5 1
github.com/apimgr/vidveil/src/common/httputil/html2text.go:35.13,37.59 2 1
github.com/apimgr/vidveil/src/common/httputil/html2text.go:38.13,40.43 2 1
github.com/apimgr/vidveil/src/common/httputil/html2text.go:41.12,43.58 2 1
github.com/apimgr/vidveil/src/common/httputil/html2text.go:44.13,45.45 1 1
github.com/apimgr/vidveil/src/common/httputil/html2text.go:46.13,47.44 1 1
github.com/apimgr/vidveil/src/common/httputil/html2text.go:48.12,51.18 3 1
github.com/apimgr/vidveil/src/common/httputil/html2text.go:51.18,53.5 1 1
github.com/apimgr/vidveil/src/common/httputil/html2text.go:53.10,55.5 1 1
github.com/apimgr/vidveil/src/common/httputil/html2text.go:56.22,57.50 1 1
github.com/apimgr/vidveil/src/common/httputil/html2text.go:58.18,59.50 1 1
github.com/apimgr/vidveil/src/common/httputil/html2text.go:60.15,61.50 1 1
github.com/apimgr/vidveil/src/common/httputil/html2text.go:62.14,64.51 2 1
github.com/apimgr/vidveil/src/common/httputil/html2text.go:64.51,66.5 1 1
github.com/apimgr/vidveil/src/common/httputil/html2text.go:67.4,67.25 1 1
github.com/apimgr/vidveil/src/common/httputil/html2text.go:68.16,69.31 1 1
github.com/apimgr/vidveil/src/common/httputil/html2text.go:70.13,71.58 1 1
github.com/apimgr/vidveil/src/common/httputil/html2text.go:72.21,74.70 2 1
github.com/apimgr/vidveil/src/common/httputil/html2text.go:74.70,76.5 1 1
github.com/apimgr/vidveil/src/common/httputil/html2text.go:77.4,77.25 1 1
github.com/apimgr/vidveil/src/common/httputil/html2text.go:78.13,79.25 1 1
github.com/apimgr/vidveil/src/common/httputil/html2text.go:80.87,82.10 1 1
github.com/apimgr/vidveil/src/common/httputil/html2text.go:83.11,85.55 1 1
github.com/apimgr/vidveil/src/common/httputil/html2text.go:85.55,87.5 1 1
github.com/apimgr/vidveil/src/common/httputil/html2text.go:89.21,91.17 2 1
github.com/apimgr/vidveil/src/common/httputil/html2text.go:91.17,93.4 1 1
github.com/apimgr/vidveil/src/common/httputil/html2text.go:94.10,95.54 1 1
github.com/apimgr/vidveil/src/common/httputil/html2text.go:95.54,97.4 1 1
github.com/apimgr/vidveil/src/common/httputil/html2text.go:102.87,104.53 2 1
github.com/apimgr/vidveil/src/common/httputil/html2text.go:104.53,105.51 1 1
github.com/apimgr/vidveil/src/common/httputil/html2text.go:105.51,108.15 3 1
github.com/apimgr/vidveil/src/common/httputil/html2text.go:108.15,111.5 2 1
github.com/apimgr/vidveil/src/common/httputil/html2text.go:112.4,114.31 3 1
github.com/apimgr/vidveil/src/common/httputil/html2text.go:114.31,115.15 1 1
github.com/apimgr/vidveil/src/common/httputil/html2text.go:115.15,117.6 1 1
github.com/apimgr/vidveil/src/common/httputil/html2text.go:117.11,119.6 1 0
github.com/apimgr/vidveil/src/common/httputil/html2text.go:123.2,123.23 1 1
github.com/apimgr/vidveil/src/common/httputil/html2text.go:127.66,129.53 2 1
github.com/apimgr/vidveil/src/common/httputil/html2text.go:129.53,130.95 1 1
github.com/apimgr/vidveil/src/common/httputil/html2text.go:130.95,132.20 2 1
github.com/apimgr/vidveil/src/common/httputil/html2text.go:132.20,134.5 1 1
github.com/apimgr/vidveil/src/common/httputil/html2text.go:138.2,138.20 1 1
github.com/apimgr/vidveil/src/common/httputil/html2text.go:138.20,140.3 1 0
github.com/apimgr/vidveil/src/common/httputil/html2text.go:143.2,145.27 3 1
github.com/apimgr/vidveil/src/common/httputil/html2text.go:145.27,146.28 1 1
github.com/apimgr/vidveil/src/common/httputil/html2text.go:146.28,147.44 1 1
github.com/apimgr/vidveil/src/common/httputil/html2text.go:147.44,149.5 1 1
github.com/apimgr/vidveil/src/common/httputil/html2text.go:154.2,154.27 1 1
github.com/apimgr/vidveil/src/common/httputil/html2text.go:154.27,156.13 1 1
github.com/apimgr/vidveil/src/common/httputil/html2text.go:156.13,158.32 2 1
github.com/apimgr/vidveil/src/common/httputil/html2text.go:158.32,160.29 2 1
github.com/apimgr/vidveil/src/common/httputil/html2text.go:160.29,162.6 1 1
github.com/apimgr/vidveil/src/common/httputil/html2text.go:164.4,164.28 1 1
github.com/apimgr/vidveil/src/common/httputil/html2text.go:168.3,169.28 2 1
github.com/apimgr/vidveil/src/common/httputil/html2text.go:169.28,171.4 1 1
github.com/apimgr/vidveil/src/common/httputil/html2text.go:172.3,175.30 2 1
github.com/apimgr/vidveil/src/common/httputil/html2text.go:175.30,177.32 2 0
github.com/apimgr/vidveil/src/common/httputil/html2text.go:177.32,179.29 2 0
github.com/apimgr/vidveil/src/common/httputil/html2text.go:179.29,181.6 1 0
github.com/apimgr/vidveil/src/common/httputil/html2text.go:183.4,183.28 1 0
github.com/apimgr/vidveil/src/common/httputil/html2text.go:188.2,189.30 2 1
github.com/apimgr/vidveil/src/common/httputil/html2text.go:189.30,191.27 2 1
github.com/apimgr/vidveil/src/common/httputil/html2text.go:191.27,193.4 1 1
github.com/apimgr/vidveil/src/common/httputil/html2text.go:195.2,195.28 1 1
github.com/apimgr/vidveil/src/common/httputil/html2text.go:199.45,202.39 3 1
github.com/apimgr/vidveil/src/common/httputil/html2text.go:202.39,203.80 1 1
github.com/apimgr/vidveil/src/common/httputil/html2text.go:203.80,205.4 1 1
github.com/apimgr/vidveil/src/common/httputil/html2text.go:206.3,206.57 1 1
github.com/apimgr/vidveil/src/common/httputil/html2text.go:206.57,208.4 1 1
github.com/apimgr/vidveil/src/common/httputil/html2text.go:210.2,211.14 2 1
github.com/apimgr/vidveil/src/common/httputil/html2text.go:215.42,218.34 3 1
github.com/apimgr/vidveil/src/common/httputil/html2text.go:218.34,219.33 1 1
github.com/apimgr/vidveil/src/common/httputil/html2text.go:219.33,221.4 1 1
github.com/apimgr/vidveil/src/common/httputil/html2text.go:222.3,222.57 1 1
github.com/apimgr/vidveil/src/common/httputil/html2text.go:222.57,224.4 1 1
github.com/apimgr/vidveil/src/common/httputil/html2text.go:226.2,227.40 2 1
github.com/apimgr/vidveil/src/common/httputil/html2text.go:231.47,232.30 1 1
github.com/apimgr/vidveil/src/common/httputil/html2text.go:232.30,233.22 1 1
github.com/apimgr/vidveil/src/common/httputil/html2text.go:233.22,235.4 1 1
github.com/apimgr/vidveil/src/common/httputil/html2text.go:237.2,237.11 1 1
github.com/apimgr/vidveil/src/common/httputil/html2text.go:241.48,242.24 1 1
github.com/apimgr/vidveil/src/common/httputil/html2text.go:242.24,244.3 1 1
github.com/apimgr/vidveil/src/common/httputil/html2text.go:245.2,246.44 2 1
github.com/apimgr/vidveil/src/common/httputil/html2text.go:250.46,251.16 1 1
github.com/apimgr/vidveil/src/common/httputil/html2text.go:251.16,253.3 1 1
github.com/apimgr/vidveil/src/common/httputil/html2text.go:254.2,255.21 2 1
github.com/apimgr/vidveil/src/common/httputil/html2text.go:255.21,257.3 1 1
github.com/apimgr/vidveil/src/common/httputil/html2text.go:259.2,262.29 3 1
github.com/apimgr/vidveil/src/common/httputil/html2text.go:262.29,263.44 1 1
github.com/apimgr/vidveil/src/common/httputil/html2text.go:263.44,264.29 1 1
github.com/apimgr/vidveil/src/common/httputil/html2text.go:264.29,267.5 2 1
github.com/apimgr/vidveil/src/common/httputil/html2text.go:269.3,269.28 1 1
github.com/apimgr/vidveil/src/common/httputil/html2text.go:269.28,271.4 1 1
github.com/apimgr/vidveil/src/common/httputil/html2text.go:272.3,272.32 1 1
github.com/apimgr/vidveil/src/common/httputil/html2text.go:274.2,274.27 1 1
github.com/apimgr/vidveil/src/common/httputil/html2text.go:274.27,276.3 1 1
github.com/apimgr/vidveil/src/common/httputil/html2text.go:278.2,278.34 1 1
github.com/apimgr/vidveil/src/common/httputil/html2text.go:282.36,284.2 1 1
github.com/apimgr/vidveil/src/common/display/detect.go:39.36,44.20 3 1
github.com/apimgr/vidveil/src/common/display/detect.go:44.20,46.17 2 0
github.com/apimgr/vidveil/src/common/display/detect.go:46.17,49.4 2 0
github.com/apimgr/vidveil/src/common/display/detect.go:51.2,64.12 7 1
github.com/apimgr/vidveil/src/common/display/detect.go:69.58,71.36 1 1
github.com/apimgr/vidveil/src/common/display/detect.go:71.36,73.3 1 1
github.com/apimgr/vidveil/src/common/display/detect.go:76.2,76.30 1 1
github.com/apimgr/vidveil/src/common/display/detect.go:76.30,78.3 1 1
github.com/apimgr/vidveil/src/common/display/detect.go:81.2,81.43 1 1
github.com/apimgr/vidveil/src/common/display/detect.go:81.43,83.3 1 1
github.com/apimgr/vidveil/src/common/display/detect.go:86.2,86.18 1 1
github.com/apimgr/vidveil/src/common/display/detect.go:86.18,88.3 1 1
github.com/apimgr/vidveil/src/common/display/detect.go:91.2,91.23 1 1
github.com/apimgr/vidveil/src/common/display/detect.go:96.44,98.2 1 1
github.com/apimgr/vidveil/src/common/display/detect.go:101.55,101.90 1 1
github.com/apimgr/vidveil/src/common/display/detect.go:104.55,104.90 1 1
github.com/apimgr/vidveil/src/common/display/detect.go:107.55,107.90 1 1
github.com/apimgr/vidveil/src/common/display/detect.go:110.60,110.100 1 1
github.com/apimgr/vidveil/src/common/display/detect.go:113.37,115.2 1 1
github.com/apimgr/vidveil/src/common/display/detect.go:118.43,119.19 1 1
github.com/apimgr/vidveil/src/common/display/detect.go:119.19,121.3 1 1
github.com/apimgr/vidveil/src/common/display/detect.go:123.2,129.15 2 1
github.com/apimgr/vidveil/src/common/display/detect.go:133.44,139.2 3 1
github.com/apimgr/vidveil/src/common/display/detect.go:142.29,144.65 1 1
github.com/apimgr/vidveil/src/common/display/detect.go:144.65,146.3 1 1
github.com/apimgr/vidveil/src/common/display/detect.go:148.2,148.29 1 1
github.com/apimgr/vidveil/src/common/display/detect.go:148.29,150.3 1 1
github.com/apimgr/vidveil/src/common/display/detect.go:152.2,152.39 1 1
github.com/apimgr/vidveil/src/common/display/detect.go:152.39,154.3 1 1
github.com/apimgr/vidveil/src/common/display/detect.go:155.2,155.14 1 1
github.com/apimgr/vidveil/src/common/display/detect_unix.go:15.46,16.22 1 1
github.com/apimgr/vidveil/src/common/display/detect_unix.go:17.47,18.24 1 1
github.com/apimgr/vidveil/src/common/display/detect_unix.go:19.16,20.25 1 0
github.com/apimgr/vidveil/src/common/display/detect_unix.go:21.10,23.23 2 0
github.com/apimgr/vidveil/src/common/display/detect_unix.go:28.42,30.40 1 1
github.com/apimgr/vidveil/src/common/display/detect_unix.go:30.40,34.3 3 1
github.com/apimgr/vidveil/src/common/display/detect_unix.go:37.2,38.19 2 1
github.com/apimgr/vidveil/src/common/display/detect_unix.go:38.19,41.35 2 1
github.com/apimgr/vidveil/src/common/display/detect_unix.go:41.35,45.4 3 0
github.com/apimgr/vidveil/src/common/display/detect_unix.go:48.2,49.22 2 1
github.com/apimgr/vidveil/src/common/display/detect_unix.go:53.43,56.86 1 0
github.com/apimgr/vidveil/src/common/display/detect_unix.go:56.86,60.3 3 0
github.com/apimgr/vidveil/src/common/display/detect_unix.go:63.2,63.13 1 0
github.com/apimgr/vidveil/src/common/display/detect_unix.go:63.13,67.3 3 0
github.com/apimgr/vidveil/src/common/display/detect_unix.go:70.2,71.21 2 0
github.com/apimgr/vidveil/src/common/display/mode.go:22.38,24.2 1 1
github.com/apimgr/vidveil/src/common/display/mode.go:27.49,29.2 1 1
github.com/apimgr/vidveil/src/common/display/mode.go:32.44,34.2 1 1
github.com/apimgr/vidveil/src/common/i18n/i18n.go:33.38,34.18 1 1
github.com/apimgr/vidveil/src/common/i18n/i18n.go:34.18,36.3 1 1
github.com/apimgr/vidveil/src/common/i18n/i18n.go:37.2,38.50 2 1
github.com/apimgr/vidveil/src/common/i18n/i18n.go:38.50,40.3 1 1
github.com/apimgr/vidveil/src/common/i18n/i18n.go:41.2,41.22 1 1
github.com/apimgr/vidveil/src/common/i18n/i18n.go:41.22,43.3 1 1
github.com/apimgr/vidveil/src/common/i18n/i18n.go:44.2,44.14 1 1
github.com/apimgr/vidveil/src/common/i18n/i18n.go:50.43,51.64 1 1
github.com/apimgr/vidveil/src/common/i18n/i18n.go:51.64,53.3 1 1
github.com/apimgr/vidveil/src/common/i18n/i18n.go:54.2,54.32 1 1
github.com/apimgr/vidveil/src/common/i18n/i18n.go:54.32,55.40 1 1
github.com/apimgr/vidveil/src/common/i18n/i18n.go:55.40,57.4 1 1
github.com/apimgr/vidveil/src/common/i18n/i18n.go:59.2,59.53 1 1
github.com/apimgr/vidveil/src/common/i18n/i18n.go:59.53,61.52 2 1
github.com/apimgr/vidveil/src/common/i18n/i18n.go:61.52,63.4 1 1
github.com/apimgr/vidveil/src/common/i18n/i18n.go:64.3,65.18 2 1
github.com/apimgr/vidveil/src/common/i18n/i18n.go:65.18,67.4 1 1
github.com/apimgr/vidveil/src/common/i18n/i18n.go:69.2,69.22 1 1
github.com/apimgr/vidveil/src/common/i18n/i18n.go:81.34,91.2 3 1
github.com/apimgr/vidveil/src/common/i18n/i18n.go:94.49,96.16 2 1
github.com/apimgr/vidveil/src/common/i18n/i18n.go:96.16,100.3 2 0
github.com/apimgr/vidveil/src/common/i18n/i18n.go:102.2,102.29 1 1
github.com/apimgr/vidveil/src/common/i18n/i18n.go:102.29,103.47 1 1
github.com/apimgr/vidveil/src/common/i18n/i18n.go:103.47,104.12 1 0
github.com/apimgr/vidveil/src/common/i18n/i18n.go:107.3,109.17 3 1
github.com/apimgr/vidveil/src/common/i18n/i18n.go:109.17,110.12 1 0
github.com/apimgr/vidveil/src/common/i18n/i18n.go:113.3,114.54 2 1
github.com/apimgr/vidveil/src/common/i18n/i18n.go:114.54,115.12 1 0
github.com/apimgr/vidveil/src/common/i18n/i18n.go:118.3,118.33 1 1
github.com/apimgr/vidveil/src/common/i18n/i18n.go:122.2,122.40 1 1
github.com/apimgr/vidveil/src/common/i18n/i18n.go:122.40,124.3 1 0
github.com/apimgr/vidveil/src/common/i18n/i18n.go:128.48,250.2 1 1
github.com/apimgr/vidveil/src/common/i18n/i18n.go:253.59,258.45 3 1
github.com/apimgr/vidveil/src/common/i18n/i18n.go:258.45,259.32 1 1
github.com/apimgr/vidveil/src/common/i18n/i18n.go:259.32,261.4 1 1
github.com/apimgr/vidveil/src/common/i18n/i18n.go:265.2,265.48 1 1
github.com/apimgr/vidveil/src/common/i18n/i18n.go:265.48,267.44 2 1
github.com/apimgr/vidveil/src/common/i18n/i18n.go:267.44,268.33 1 1
github.com/apimgr/vidveil/src/common/i18n/i18n.go:268.33,270.5 1 1
github.com/apimgr/vidveil/src/common/i18n/i18n.go:275.2,275.49 1 1
github.com/apimgr/vidveil/src/common/i18n/i18n.go:275.49,276.32 1 1
github.com/apimgr/vidveil/src/common/i18n/i18n.go:276.32,278.4 1 1
github.com/apimgr/vidveil/src/common/i18n/i18n.go:282.2,282.12 1 1
github.com/apimgr/vidveil/src/common/i18n/i18n.go:286.86,288.2 1 1
github.com/apimgr/vidveil/src/common/i18n/i18n.go:291.56,293.55 1 1
github.com/apimgr/vidveil/src/common/i18n/i18n.go:293.55,294.26 1 1
github.com/apimgr/vidveil/src/common/i18n/i18n.go:294.26,296.4 1 1
github.com/apimgr/vidveil/src/common/i18n/i18n.go:300.2,300.71 1 1
github.com/apimgr/vidveil/src/common/i18n/i18n.go:300.71,301.32 1 1
github.com/apimgr/vidveil/src/common/i18n/i18n.go:301.32,303.4 1 1
github.com/apimgr/vidveil/src/common/i18n/i18n.go:307.2,308.22 2 1
github.com/apimgr/vidveil/src/common/i18n/i18n.go:308.22,310.34 2 1
github.com/apimgr/vidveil/src/common/i18n/i18n.go:310.34,311.27 1 1
github.com/apimgr/vidveil/src/common/i18n/i18n.go:311.27,313.5 1 1
github.com/apimgr/vidveil/src/common/i18n/i18n.go:315.4,315.50 1 1
github.com/apimgr/vidveil/src/common/i18n/i18n.go:315.50,316.34 1 1
github.com/apimgr/vidveil/src/common/i18n/i18n.go:316.34,318.6 1 1
github.com/apimgr/vidveil/src/common/i18n/i18n.go:323.2,323.19 1 1
github.com/apimgr/vidveil/src/common/i18n/i18n.go:327.50,330.29 3 1
github.com/apimgr/vidveil/src/common/i18n/i18n.go:330.29,332.47 1 1
github.com/apimgr/vidveil/src/common/i18n/i18n.go:332.47,334.4 1 1
github.com/apimgr/vidveil/src/common/i18n/i18n.go:335.3,336.19 2 1
github.com/apimgr/vidveil/src/common/i18n/i18n.go:336.19,338.4 1 1
github.com/apimgr/vidveil/src/common/i18n/i18n.go:340.2,340.16 1 1
github.com/apimgr/vidveil/src/common/i18n/i18n.go:344.52,349.2 4 1
github.com/apimgr/vidveil/src/common/i18n/i18n.go:352.50,357.37 4 1
github.com/apimgr/vidveil/src/common/i18n/i18n.go:357.37,359.3 1 1
github.com/apimgr/vidveil/src/common/i18n/i18n.go:360.2,360.16 1 1
github.com/apimgr/vidveil/src/common/i18n/i18n.go:364.64,368.42 3 1
github.com/apimgr/vidveil/src/common/i18n/i18n.go:368.42,370.3 1 1
github.com/apimgr/vidveil/src/common/i18n/i18n.go:371.2,371.37 1 1
github.com/apimgr/vidveil/src/common/i18n/i18n.go:375.79,379.42 3 1
github.com/apimgr/vidveil/src/common/i18n/i18n.go:379.42,381.3 1 1
github.com/apimgr/vidveil/src/common/i18n/i18n.go:383.2,383.26 1 1
github.com/apimgr/vidveil/src/common/i18n/i18n.go:383.26,385.3 1 1
github.com/apimgr/vidveil/src/common/i18n/i18n.go:389.74,393.45 3 1
github.com/apimgr/vidveil/src/common/i18n/i18n.go:393.45,396.27 2 1
github.com/apimgr/vidveil/src/common/i18n/i18n.go:396.27,398.4 1 1
github.com/apimgr/vidveil/src/common/i18n/i18n.go:399.3,399.16 1 1
github.com/apimgr/vidveil/src/common/i18n/i18n.go:402.2,402.12 1 1
github.com/apimgr/vidveil/src/common/i18n/i18n.go:408.65,409.71 1 1
github.com/apimgr/vidveil/src/common/i18n/i18n.go:409.71,413.65 2 1
github.com/apimgr/vidveil/src/common/i18n/i18n.go:413.65,414.22 1 1
github.com/apimgr/vidveil/src/common/i18n/i18n.go:414.22,426.5 2 1
github.com/apimgr/vidveil/src/common/i18n/i18n.go:430.3,430.19 1 1
github.com/apimgr/vidveil/src/common/i18n/i18n.go:430.19,431.70 1 1
github.com/apimgr/vidveil/src/common/i18n/i18n.go:431.70,433.5 1 1
github.com/apimgr/vidveil/src/common/i18n/i18n.go:437.3,437.19 1 1
github.com/apimgr/vidveil/src/common/i18n/i18n.go:437.19,439.4 1 1
github.com/apimgr/vidveil/src/common/i18n/i18n.go:442.3,442.19 1 1
github.com/apimgr/vidveil/src/common/i18n/i18n.go:442.19,444.4 1 0
github.com/apimgr/vidveil/src/common/i18n/i18n.go:447.3,448.23 2 1
github.com/apimgr/vidveil/src/common/i18n/i18n.go:453.95,454.54 1 1
github.com/apimgr/vidveil/src/common/i18n/i18n.go:454.54,455.20 1 1
github.com/apimgr/vidveil/src/common/i18n/i18n.go:455.20,457.4 1 1
github.com/apimgr/vidveil/src/common/i18n/i18n.go:458.3,458.34 1 1
github.com/apimgr/vidveil/src/common/i18n/i18n.go:467.37,468.27 1 1
github.com/apimgr/vidveil/src/common/i18n/i18n.go:468.27,470.3 1 1
github.com/apimgr/vidveil/src/common/i18n/i18n.go:471.2,471.25 1 1
github.com/apimgr/vidveil/src/common/i18n/i18n.go:475.43,477.2 1 1
github.com/apimgr/vidveil/src/common/i18n/i18n.go:480.70,482.2 1 1
github.com/apimgr/vidveil/src/client/paths/ownership_unix.go:13.45,15.16 2 1
github.com/apimgr/vidveil/src/client/paths/ownership_unix.go:15.16,17.3 1 0
github.com/apimgr/vidveil/src/client/paths/ownership_unix.go:19.2,20.9 2 1
github.com/apimgr/vidveil/src/client/paths/ownership_unix.go:20.9,22.3 1 0
github.com/apimgr/vidveil/src/client/paths/ownership_unix.go:24.2,26.62 3 1
github.com/apimgr/vidveil/src/client/paths/ownership_unix.go:26.62,35.3 1 0
github.com/apimgr/vidveil/src/client/paths/ownership_unix.go:37.2,37.12 1 1
github.com/apimgr/vidveil/src/client/paths/paths.go:18.25,20.2 1 1
github.com/apimgr/vidveil/src/client/paths/paths.go:23.26,25.2 1 1
github.com/apimgr/vidveil/src/client/paths/paths.go:30.25,31.31 1 1
github.com/apimgr/vidveil/src/client/paths/paths.go:31.31,33.3 1 0
github.com/apimgr/vidveil/src/client/paths/paths.go:34.2,35.64 2 1
github.com/apimgr/vidveil/src/client/paths/paths.go:41.23,42.31 1 1
github.com/apimgr/vidveil/src/client/paths/paths.go:42.31,44.3 1 0
github.com/apimgr/vidveil/src/client/paths/paths.go:45.2,46.72 2 1
github.com/apimgr/vidveil/src/client/paths/paths.go:52.24,53.31 1 1
github.com/apimgr/vidveil/src/client/paths/paths.go:53.31,55.3 1 0
github.com/apimgr/vidveil/src/client/paths/paths.go:56.2,57.63 2 1
github.com/apimgr/vidveil/src/client/paths/paths.go:63.22,64.31 1 1
github.com/apimgr/vidveil/src/client/paths/paths.go:64.31,66.3 1 0
github.com/apimgr/vidveil/src/client/paths/paths.go:67.2,68.70 2 1
github.com/apimgr/vidveil/src/client/paths/paths.go:72.26,74.2 1 1
github.com/apimgr/vidveil/src/client/paths/paths.go:79.54,80.22 1 1
github.com/apimgr/vidveil/src/client/paths/paths.go:80.22,82.3 1 1
github.com/apimgr/vidveil/src/client/paths/paths.go:84.2,84.41 1 1
github.com/apimgr/vidveil/src/client/paths/paths.go:84.41,86.31 2 1
github.com/apimgr/vidveil/src/client/paths/paths.go:86.31,88.4 1 1
github.com/apimgr/vidveil/src/client/paths/paths.go:91.2,91.32 1 1
github.com/apimgr/vidveil/src/client/paths/paths.go:91.32,93.3 1 1
github.com/apimgr/vidveil/src/client/paths/paths.go:95.2,95.75 1 1
github.com/apimgr/vidveil/src/client/paths/paths.go:100.25,102.2 1 1
github.com/apimgr/vidveil/src/client/paths/paths.go:105.23,107.2 1 1
github.com/apimgr/vidveil/src/client/paths/paths.go:109.53,111.49 2 1
github.com/apimgr/vidveil/src/client/paths/paths.go:111.49,113.3 1 1
github.com/apimgr/vidveil/src/client/paths/paths.go:115.2,115.21 1 1
github.com/apimgr/vidveil/src/client/paths/paths.go:115.21,116.32 1 1
github.com/apimgr/vidveil/src/client/paths/paths.go:116.32,118.4 1 0
github.com/apimgr/vidveil/src/client/paths/paths.go:119.3,119.33 1 1
github.com/apimgr/vidveil/src/client/paths/paths.go:119.33,121.4 1 1
github.com/apimgr/vidveil/src/client/paths/paths.go:122.3,122.23 1 1
github.com/apimgr/vidveil/src/client/paths/paths.go:125.2,125.13 1 0
github.com/apimgr/vidveil/src/client/paths/paths.go:128.35,130.16 2 1
github.com/apimgr/vidveil/src/client/paths/paths.go:130.16,132.3 1 1
github.com/apimgr/vidveil/src/client/paths/paths.go:134.2,134.26 1 1
github.com/apimgr/vidveil/src/client/paths/paths.go:139.31,147.27 2 1
github.com/apimgr/vidveil/src/client/paths/paths.go:147.27,148.48 1 1
github.com/apimgr/vidveil/src/client/paths/paths.go:148.48,150.4 1 0
github.com/apimgr/vidveil/src/client/paths/paths.go:152.3,152.45 1 1
github.com/apimgr/vidveil/src/client/paths/paths.go:152.45,154.4 1 0
github.com/apimgr/vidveil/src/client/paths/paths.go:155.3,155.50 1 1
github.com/apimgr/vidveil/src/client/paths/paths.go:155.50,157.4 1 0
github.com/apimgr/vidveil/src/client/paths/paths.go:159.2,159.12 1 1
github.com/apimgr/vidveil/src/common/version/version.go:36.13,39.41 1 1
github.com/apimgr/vidveil/src/common/version/version.go:39.41,41.3 1 0
github.com/apimgr/vidveil/src/common/version/version.go:46.35,48.50 1 1
github.com/apimgr/vidveil/src/common/version/version.go:48.50,50.3 1 1
github.com/apimgr/vidveil/src/common/version/version.go:53.2,53.45 1 1
github.com/apimgr/vidveil/src/common/version/version.go:53.45,55.74 2 1
github.com/apimgr/vidveil/src/common/version/version.go:55.74,57.4 1 0
github.com/apimgr/vidveil/src/common/version/version.go:61.2,62.25 2 1
github.com/apimgr/vidveil/src/common/version/version.go:62.25,63.71 1 1
github.com/apimgr/vidveil/src/common/version/version.go:63.71,65.4 1 0
github.com/apimgr/vidveil/src/common/version/version.go:66.3,67.20 2 1
github.com/apimgr/vidveil/src/common/version/version.go:67.20,68.9 1 0
github.com/apimgr/vidveil/src/common/version/version.go:70.3,70.15 1 1
github.com/apimgr/vidveil/src/common/version/version.go:73.2,73.11 1 1
github.com/apimgr/vidveil/src/common/version/version.go:77.42,79.16 2 1
github.com/apimgr/vidveil/src/common/version/version.go:79.16,81.3 1 1
github.com/apimgr/vidveil/src/common/version/version.go:82.2,82.40 1 1
github.com/apimgr/vidveil/src/common/version/version.go:87.26,89.2 1 1
github.com/apimgr/vidveil/src/common/version/version.go:93.30,96.2 1 1
github.com/apimgr/vidveil/src/common/version/version.go:99.31,101.2 1 1
github.com/apimgr/vidveil/src/common/version/version.go:104.41,113.2 1 1
github.com/apimgr/vidveil/src/client/api/client.go:72.85,73.19 1 1
github.com/apimgr/vidveil/src/client/api/client.go:73.19,75.3 1 1
github.com/apimgr/vidveil/src/client/api/client.go:76.2,77.22 2 1
github.com/apimgr/vidveil/src/client/api/client.go:77.22,79.3 1 1
github.com/apimgr/vidveil/src/client/api/client.go:80.2,80.18 1 1
github.com/apimgr/vidveil/src/client/api/client.go:80.18,82.3 1 1
github.com/apimgr/vidveil/src/client/api/client.go:84.2,93.3 1 1
github.com/apimgr/vidveil/src/client/api/client.go:97.50,99.2 1 1
github.com/apimgr/vidveil/src/client/api/client.go:102.102,105.14 3 1
github.com/apimgr/vidveil/src/client/api/client.go:105.14,107.3 1 1
github.com/apimgr/vidveil/src/client/api/client.go:108.2,108.15 1 1
github.com/apimgr/vidveil/src/client/api/client.go:108.15,110.3 1 1
github.com/apimgr/vidveil/src/client/api/client.go:111.2,111.22 1 1
github.com/apimgr/vidveil/src/client/api/client.go:111.22,112.29 1 1
github.com/apimgr/vidveil/src/client/api/client.go:112.29,114.4 1 1
github.com/apimgr/vidveil/src/client/api/client.go:117.2,120.42 3 1
github.com/apimgr/vidveil/src/client/api/client.go:120.42,122.3 1 1
github.com/apimgr/vidveil/src/client/api/client.go:124.2,124.19 1 1
github.com/apimgr/vidveil/src/client/api/client.go:128.60,132.42 3 1
github.com/apimgr/vidveil/src/client/api/client.go:132.42,134.3 1 1
github.com/apimgr/vidveil/src/client/api/client.go:136.2,136.19 1 1
github.com/apimgr/vidveil/src/client/api/client.go:140.67,144.42 3 1
github.com/apimgr/vidveil/src/client/api/client.go:144.42,146.3 1 1
github.com/apimgr/vidveil/src/client/api/client.go:148.2,148.19 1 1
github.com/apimgr/vidveil/src/client/api/client.go:152.44,156.16 3 1
github.com/apimgr/vidveil/src/client/api/client.go:156.16,158.3 1 0
github.com/apimgr/vidveil/src/client/api/client.go:159.2,162.16 3 1
github.com/apimgr/vidveil/src/client/api/client.go:162.16,164.3 1 0
github.com/apimgr/vidveil/src/client/api/client.go:165.2,167.36 2 1
github.com/apimgr/vidveil/src/client/api/client.go:171.41,173.2 1 1
github.com/apimgr/vidveil/src/client/api/client.go:176.44,178.2 1 1
github.com/apimgr/vidveil/src/client/api/client.go:181.71,183.16 2 1
github.com/apimgr/vidveil/src/client/api/client.go:183.16,185.3 1 0
github.com/apimgr/vidveil/src/client/api/client.go:187.2,189.19 3 1
github.com/apimgr/vidveil/src/client/api/client.go:189.19,191.3 1 1
github.com/apimgr/vidveil/src/client/api/client.go:193.2,194.16 2 1
github.com/apimgr/vidveil/src/client/api/client.go:194.16,196.3 1 0
github.com/apimgr/vidveil/src/client/api/client.go:197.2,200.16 3 1
github.com/apimgr/vidveil/src/client/api/client.go:200.16,202.3 1 0
github.com/apimgr/vidveil/src/client/api/client.go:204.2,204.28 1 1
github.com/apimgr/vidveil/src/client/api/client.go:204.28,206.3 1 1
github.com/apimgr/vidveil/src/client/api/client.go:208.2,208.18 1 1
github.com/apimgr/vidveil/src/client/api/client.go:212.63,214.16 2 1
github.com/apimgr/vidveil/src/client/api/client.go:214.16,216.3 1 0
github.com/apimgr/vidveil/src/client/api/client.go:218.2,220.19 3 1
github.com/apimgr/vidveil/src/client/api/client.go:220.19,222.3 1 1
github.com/apimgr/vidveil/src/client/api/client.go:224.2,225.16 2 1
github.com/apimgr/vidveil/src/client/api/client.go:225.16,227.3 1 0
github.com/apimgr/vidveil/src/client/api/client.go:228.2,230.28 2 1
github.com/apimgr/vidveil/src/client/api/client.go:230.28,233.3 2 1
github.com/apimgr/vidveil/src/client/api/client.go:235.2,235.66 1 1
github.com/apimgr/vidveil/src/client/api/client.go:235.66,237.3 1 1
github.com/apimgr/vidveil/src/client/api/client.go:239.2,239.12 1 1
github.com/apimgr/vidveil/src/paths/ensure.go:16.48,18.12 2 1
github.com/apimgr/vidveil/src/paths/ensure.go:18.12,20.3 1 1
github.com/apimgr/vidveil/src/paths/ensure.go:22.2,22.48 1 1
github.com/apimgr/vidveil/src/paths/ensure.go:22.48,24.3 1 0
github.com/apimgr/vidveil/src/paths/ensure.go:27.2,28.63 2 1
github.com/apimgr/vidveil/src/paths/ensure.go:28.63,30.3 1 0
github.com/apimgr/vidveil/src/paths/ensure.go:31.2,33.12 2 1
github.com/apimgr/vidveil/src/paths/ensure.go:38.52,41.2 2 1
github.com/apimgr/vidveil/src/paths/paths.go:30.62,31.20 1 1
github.com/apimgr/vidveil/src/paths/paths.go:31.20,33.3 1 1
github.com/apimgr/vidveil/src/paths/paths.go:35.2,35.52 1 1
github.com/apimgr/vidveil/src/paths/paths.go:35.52,37.3 1 1
github.com/apimgr/vidveil/src/paths/paths.go:39.2,39.17 1 1
github.com/apimgr/vidveil/src/paths/paths.go:43.55,56.2 2 1
github.com/apimgr/vidveil/src/paths/paths.go:59.44,60.59 1 1
github.com/apimgr/vidveil/src/paths/paths.go:60.59,62.3 1 1
github.com/apimgr/vidveil/src/paths/paths.go:64.2,64.37 1 1
github.com/apimgr/vidveil/src/paths/paths.go:68.46,69.22 1 1
github.com/apimgr/vidveil/src/paths/paths.go:70.15,71.13 1 1
github.com/apimgr/vidveil/src/paths/paths.go:71.13,73.4 1 1
github.com/apimgr/vidveil/src/paths/paths.go:74.3,75.65 2 1
github.com/apimgr/vidveil/src/paths/paths.go:76.16,77.13 1 0
github.com/apimgr/vidveil/src/paths/paths.go:77.13,79.4 1 0
github.com/apimgr/vidveil/src/paths/paths.go:80.3,81.88 2 0
github.com/apimgr/vidveil/src/paths/paths.go:82.17,83.13 1 0
github.com/apimgr/vidveil/src/paths/paths.go:83.13,85.4 1 0
github.com/apimgr/vidveil/src/paths/paths.go:86.3,86.70 1 0
github.com/apimgr/vidveil/src/paths/paths.go:88.10,89.13 1 0
github.com/apimgr/vidveil/src/paths/paths.go:89.13,91.4 1 0
github.com/apimgr/vidveil/src/paths/paths.go:92.3,93.65 2 0
github.com/apimgr/vidveil/src/paths/paths.go:98.44,99.22 1 1
github.com/apimgr/vidveil/src/paths/paths.go:100.15,101.13 1 1
github.com/apimgr/vidveil/src/paths/paths.go:101.13,103.4 1 1
github.com/apimgr/vidveil/src/paths/paths.go:104.3,105.73 2 1
github.com/apimgr/vidveil/src/paths/paths.go:106.16,107.13 1 0
github.com/apimgr/vidveil/src/paths/paths.go:107.13,109.4 1 0
github.com/apimgr/vidveil/src/paths/paths.go:110.3,111.88 2 0
github.com/apimgr/vidveil/src/paths/paths.go:112.17,113.13 1 0
github.com/apimgr/vidveil/src/paths/paths.go:113.13,115.4 1 0
github.com/apimgr/vidveil/src/paths/paths.go:116.3,116.75 1 0
github.com/apimgr/vidveil/src/paths/paths.go:118.10,119.13 1 0
github.com/apimgr/vidveil/src/paths/paths.go:119.13,121.4 1 0
github.com/apimgr/vidveil/src/paths/paths.go:122.3,123.73 2 0
github.com/apimgr/vidveil/src/paths/paths.go:128.45,129.22 1 1
github.com/apimgr/vidveil/src/paths/paths.go:130.15,131.13 1 1
github.com/apimgr/vidveil/src/paths/paths.go:131.13,133.4 1 1
github.com/apimgr/vidveil/src/paths/paths.go:134.3,135.64 2 1
github.com/apimgr/vidveil/src/paths/paths.go:136.16,137.13 1 0
github.com/apimgr/vidveil/src/paths/paths.go:137.13,139.4 1 0
github.com/apimgr/vidveil/src/paths/paths.go:140.3,141.75 2 0
github.com/apimgr/vidveil/src/paths/paths.go:142.17,143.13 1 0
github.com/apimgr/vidveil/src/paths/paths.go:143.13,145.4 1 0
github.com/apimgr/vidveil/src/paths/paths.go:146.3,146.84 1 0
github.com/apimgr/vidveil/src/paths/paths.go:148.10,149.13 1 0
github.com/apimgr/vidveil/src/paths/paths.go:149.13,151.4 1 0
github.com/apimgr/vidveil/src/paths/paths.go:152.3,153.64 2 0
github.com/apimgr/vidveil/src/paths/paths.go:158.43,159.22 1 1
github.com/apimgr/vidveil/src/paths/paths.go:160.15,161.13 1 1
github.com/apimgr/vidveil/src/paths/paths.go:161.13,163.4 1 1
github.com/apimgr/vidveil/src/paths/paths.go:164.3,166.71 2 1
github.com/apimgr/vidveil/src/paths/paths.go:167.16,168.13 1 0
github.com/apimgr/vidveil/src/paths/paths.go:168.13,170.4 1 0
github.com/apimgr/vidveil/src/paths/paths.go:171.3,172.73 2 0
github.com/apimgr/vidveil/src/paths/paths.go:173.17,174.13 1 0
github.com/apimgr/vidveil/src/paths/paths.go:174.13,176.4 1 0
github.com/apimgr/vidveil/src/paths/paths.go:177.3,177.83 1 0
github.com/apimgr/vidveil/src/paths/paths.go:179.10,180.13 1 0
github.com/apimgr/vidveil/src/paths/paths.go:180.13,182.4 1 0
github.com/apimgr/vidveil/src/paths/paths.go:183.3,184.71 2 0
github.com/apimgr/vidveil/src/paths/paths.go:189.44,190.22 1 1
github.com/apimgr/vidveil/src/paths/paths.go:191.15,192.13 1 1
github.com/apimgr/vidveil/src/paths/paths.go:192.13,194.4 1 1
github.com/apimgr/vidveil/src/paths/paths.go:195.3,196.93 2 1
github.com/apimgr/vidveil/src/paths/paths.go:197.16,198.13 1 0
github.com/apimgr/vidveil/src/paths/paths.go:198.13,200.4 1 0
github.com/apimgr/vidveil/src/paths/paths.go:201.3,202.108 2 0
github.com/apimgr/vidveil/src/paths/paths.go:203.17,205.12 1 0
github.com/apimgr/vidveil/src/paths/paths.go:206.10,208.13 1 0
github.com/apimgr/vidveil/src/paths/paths.go:208.13,210.4 1 0
github.com/apimgr/vidveil/src/paths/paths.go:211.3,212.93 2 0
github.com/apimgr/vidveil/src/paths/paths.go:218.43,219.22 1 1
github.com/apimgr/vidveil/src/paths/paths.go:220.15,221.13 1 1
github.com/apimgr/vidveil/src/paths/paths.go:221.13,223.4 1 1
github.com/apimgr/vidveil/src/paths/paths.go:224.3,225.72 2 1
github.com/apimgr/vidveil/src/paths/paths.go:226.16,227.13 1 0
github.com/apimgr/vidveil/src/paths/paths.go:227.13,229.4 1 0
github.com/apimgr/vidveil/src/paths/paths.go:230.3,231.95 2 0
github.com/apimgr/vidveil/src/paths/paths.go:232.17,233.13 1 0
github.com/apimgr/vidveil/src/paths/paths.go:233.13,235.4 1 0
github.com/apimgr/vidveil/src/paths/paths.go:236.3,236.77 1 0
github.com/apimgr/vidveil/src/paths/paths.go:237.10,239.13 1 0
github.com/apimgr/vidveil/src/paths/paths.go:239.13,241.4 1 0
github.com/apimgr/vidveil/src/paths/paths.go:242.3,243.72 2 0
github.com/apimgr/vidveil/src/paths/paths.go:249.48,250.22 1 1
github.com/apimgr/vidveil/src/paths/paths.go:251.15,252.13 1 1
github.com/apimgr/vidveil/src/paths/paths.go:252.13,254.4 1 1
github.com/apimgr/vidveil/src/paths/paths.go:255.3,256.85 2 1
github.com/apimgr/vidveil/src/paths/paths.go:257.16,258.13 1 0
github.com/apimgr/vidveil/src/paths/paths.go:258.13,260.4 1 0
github.com/apimgr/vidveil/src/paths/paths.go:261.3,262.108 2 0
github.com/apimgr/vidveil/src/paths/paths.go:263.17,264.13 1 0
github.com/apimgr/vidveil/src/paths/paths.go:264.13,266.4 1 0
github.com/apimgr/vidveil/src/paths/paths.go:267.3,267.87 1 0
github.com/apimgr/vidveil/src/paths/paths.go:268.10,270.13 1 0
github.com/apimgr/vidveil/src/paths/paths.go:270.13,272.4 1 0
github.com/apimgr/vidveil/src/paths/paths.go:273.3,274.85 2 0
github.com/apimgr/vidveil/src/paths/paths.go:279.46,280.22 1 1
github.com/apimgr/vidveil/src/paths/paths.go:281.15,282.13 1 1
github.com/apimgr/vidveil/src/paths/paths.go:282.13,284.4 1 1
github.com/apimgr/vidveil/src/paths/paths.go:285.3,287.84 2 1
github.com/apimgr/vidveil/src/paths/paths.go:288.16,289.13 1 0
github.com/apimgr/vidveil/src/paths/paths.go:289.13,291.4 1 0
github.com/apimgr/vidveil/src/paths/paths.go:292.3,293.76 2 0
github.com/apimgr/vidveil/src/paths/paths.go:294.17,295.13 1 0
github.com/apimgr/vidveil/src/paths/paths.go:295.13,297.4 1 0
github.com/apimgr/vidveil/src/paths/paths.go:298.3,298.86 1 0
github.com/apimgr/vidveil/src/paths/paths.go:300.10,301.13 1 0
github.com/apimgr/vidveil/src/paths/paths.go:301.13,303.4 1 0
github.com/apimgr/vidveil/src/paths/paths.go:304.3,305.84 2 0
github.com/apimgr/vidveil/src/paths/security.go:28.41,29.17 1 1
github.com/apimgr/vidveil/src/paths/security.go:29.17,31.3 1 1
github.com/apimgr/vidveil/src/paths/security.go:34.2,40.37 3 1
github.com/apimgr/vidveil/src/paths/security.go:40.37,42.3 1 1
github.com/apimgr/vidveil/src/paths/security.go:44.2,44.16 1 1
github.com/apimgr/vidveil/src/paths/security.go:48.48,49.19 1 1
github.com/apimgr/vidveil/src/paths/security.go:49.19,51.3 1 1
github.com/apimgr/vidveil/src/paths/security.go:52.2,52.23 1 1
github.com/apimgr/vidveil/src/paths/security.go:52.23,54.3 1 1
github.com/apimgr/vidveil/src/paths/security.go:55.2,55.44 1 1
github.com/apimgr/vidveil/src/paths/security.go:55.44,57.3 1 1
github.com/apimgr/vidveil/src/paths/security.go:58.2,58.39 1 1
github.com/apimgr/vidveil/src/paths/security.go:58.39,60.3 1 0
github.com/apimgr/vidveil/src/paths/security.go:61.2,61.12 1 1
github.com/apimgr/vidveil/src/paths/security.go:65.35,66.19 1 1
github.com/apimgr/vidveil/src/paths/security.go:66.19,68.3 1 1
github.com/apimgr/vidveil/src/paths/security.go:71.2,71.31 1 1
github.com/apimgr/vidveil/src/paths/security.go:71.31,73.3 1 1
github.com/apimgr/vidveil/src/paths/security.go:76.2,77.31 2 1
github.com/apimgr/vidveil/src/paths/security.go:77.31,78.16 1 1
github.com/apimgr/vidveil/src/paths/security.go:78.16,79.12 1 1
github.com/apimgr/vidveil/src/paths/security.go:81.3,81.50 1 1
github.com/apimgr/vidveil/src/paths/security.go:81.50,83.4 1 1
github.com/apimgr/vidveil/src/paths/security.go:86.2,86.12 1 1
github.com/apimgr/vidveil/src/paths/security.go:90.45,91.44 1 1
github.com/apimgr/vidveil/src/paths/security.go:91.44,93.3 1 1
github.com/apimgr/vidveil/src/paths/security.go:94.2,94.34 1 1
github.com/apimgr/vidveil/src/paths/security.go:98.61,100.16 2 1
github.com/apimgr/vidveil/src/paths/security.go:100.16,102.3 1 1
github.com/apimgr/vidveil/src/paths/security.go:104.2,107.16 3 1
github.com/apimgr/vidveil/src/paths/security.go:107.16,109.3 1 0
github.com/apimgr/vidveil/src/paths/security.go:111.2,112.16 2 1
github.com/apimgr/vidveil/src/paths/security.go:112.16,114.3 1 0
github.com/apimgr/vidveil/src/paths/security.go:117.2,117.91 1 1
github.com/apimgr/vidveil/src/paths/security.go:117.91,119.3 1 0
github.com/apimgr/vidveil/src/paths/security.go:121.2,121.21 1 1
github.com/apimgr/vidveil/src/paths/security.go:126.61,127.71 1 1
github.com/apimgr/vidveil/src/paths/security.go:127.71,132.20 3 1
github.com/apimgr/vidveil/src/paths/security.go:132.20,134.4 1 1
github.com/apimgr/vidveil/src/paths/security.go:138.3,140.54 1 1
github.com/apimgr/vidveil/src/paths/security.go:140.54,143.4 2 1
github.com/apimgr/vidveil/src/paths/security.go:146.3,149.39 2 1
github.com/apimgr/vidveil/src/paths/security.go:149.39,151.4 1 1
github.com/apimgr/vidveil/src/paths/security.go:154.3,154.94 1 1
github.com/apimgr/vidveil/src/paths/security.go:154.94,156.4 1 1
github.com/apimgr/vidveil/src/paths/security.go:159.3,161.23 2 1
github.com/apimgr/vidveil/src/server/debug.go:16.52,17.28 1 1
github.com/apimgr/vidveil/src/server/debug.go:17.28,19.3 1 1
github.com/apimgr/vidveil/src/server/debug.go:21.2,21.39 1 1
github.com/apimgr/vidveil/src/server/debug.go:21.39,48.3 21 1
github.com/apimgr/vidveil/src/server/debug.go:51.76,73.2 2 1
github.com/apimgr/vidveil/src/server/debug.go:75.76,78.125 2 1
github.com/apimgr/vidveil/src/server/debug.go:78.125,84.3 2 1
github.com/apimgr/vidveil/src/server/debug.go:86.2,86.45 1 1
github.com/apimgr/vidveil/src/server/debug.go:89.75,96.2 2 1
github.com/apimgr/vidveil/src/server/debug.go:98.72,101.15 2 1
github.com/apimgr/vidveil/src/server/debug.go:101.15,107.3 3 1
github.com/apimgr/vidveil/src/server/debug.go:109.2,120.43 3 0
github.com/apimgr/vidveil/src/server/debug.go:123.79,128.26 4 1
github.com/apimgr/vidveil/src/server/debug.go:128.26,140.3 1 0
github.com/apimgr/vidveil/src/server/debug.go:141.2,143.43 2 1
github.com/apimgr/vidveil/src/server/debug.go:146.76,159.2 4 1
github.com/apimgr/vidveil/src/server/debug.go:161.80,167.2 2 1
github.com/apimgr/vidveil/src/server/debug.go:171.77,173.17 2 1
github.com/apimgr/vidveil/src/server/debug.go:173.17,175.3 1 0
github.com/apimgr/vidveil/src/server/debug.go:178.2,180.45 2 1
github.com/apimgr/vidveil/src/server/debug.go:185.76,188.17 3 1
github.com/apimgr/vidveil/src/server/debug.go:188.17,190.3 1 0
github.com/apimgr/vidveil/src/server/debug.go:192.2,193.9 2 1
github.com/apimgr/vidveil/src/server/debug.go:193.9,199.3 2 1
github.com/apimgr/vidveil/src/server/debug.go:201.2,202.16 2 0
github.com/apimgr/vidveil/src/server/debug.go:202.16,208.3 2 0
github.com/apimgr/vidveil/src/server/debug.go:210.2,215.4 1 0
github.com/apimgr/vidveil/src/server/debug_log.go:13.90,14.28 1 1
github.com/apimgr/vidveil/src/server/debug_log.go:14.28,16.3 1 1
github.com/apimgr/vidveil/src/server/debug_log.go:18.2,29.3 1 1
github.com/apimgr/vidveil/src/server/debug_log.go:33.90,34.28 1 1
github.com/apimgr/vidveil/src/server/debug_log.go:34.28,36.3 1 1
github.com/apimgr/vidveil/src/server/debug_log.go:38.2,43.19 2 1
github.com/apimgr/vidveil/src/server/debug_log.go:43.19,45.3 1 1
github.com/apimgr/vidveil/src/server/debug_log.go:47.2,47.16 1 1
github.com/apimgr/vidveil/src/server/debug_log.go:47.16,50.3 2 0
github.com/apimgr/vidveil/src/server/debug_log.go:50.8,52.3 1 1
github.com/apimgr/vidveil/src/server/debug_log.go:56.89,57.28 1 1
github.com/apimgr/vidveil/src/server/debug_log.go:57.28,59.3 1 1
github.com/apimgr/vidveil/src/server/debug_log.go:61.2,66.3 1 1
github.com/apimgr/vidveil/src/server/expvar.go:17.13,19.58 1 1
github.com/apimgr/vidveil/src/server/expvar.go:19.58,21.3 1 0
github.com/apimgr/vidveil/src/server/expvar.go:24.2,24.54 1 1
github.com/apimgr/vidveil/src/server/expvar.go:24.54,26.3 1 0
github.com/apimgr/vidveil/src/server/expvar.go:29.2,29.50 1 1
github.com/apimgr/vidveil/src/server/expvar.go:29.50,39.3 3 0
github.com/apimgr/vidveil/src/server/expvar.go:43.44,46.2 2 1
github.com/apimgr/vidveil/src/server/expvar.go:49.20,51.2 1 1
github.com/apimgr/vidveil/src/server/middleware_debug.go:14.66,16.28 1 1
github.com/apimgr/vidveil/src/server/middleware_debug.go:16.28,18.3 1 1
github.com/apimgr/vidveil/src/server/middleware_debug.go:20.2,20.71 1 0
github.com/apimgr/vidveil/src/server/middleware_debug.go:20.71,24.72 2 0
github.com/apimgr/vidveil/src/server/middleware_debug.go:24.72,27.4 2 0
github.com/apimgr/vidveil/src/server/middleware_debug.go:30.3,36.55 3 0
github.com/apimgr/vidveil/src/server/middleware_debug.go:46.51,49.2 2 1
github.com/apimgr/vidveil/src/server/middleware_debug.go:51.56,55.2 3 1
github.com/apimgr/vidveil/src/server/server.go:36.32,38.2 1 1
github.com/apimgr/vidveil/src/server/server.go:80.199,109.2 7 0
github.com/apimgr/vidveil/src/server/server.go:112.60,114.28 2 1
github.com/apimgr/vidveil/src/server/server.go:114.28,116.3 1 1
github.com/apimgr/vidveil/src/server/server.go:120.58,121.28 1 1
github.com/apimgr/vidveil/src/server/server.go:121.28,123.3 1 0
github.com/apimgr/vidveil/src/server/server.go:125.2,125.41 1 1
github.com/apimgr/vidveil/src/server/server.go:125.41,127.3 1 1
github.com/apimgr/vidveil/src/server/server.go:132.60,134.2 1 1
github.com/apimgr/vidveil/src/server/server.go:137.36,170.52 9 0
github.com/apimgr/vidveil/src/server/server.go:170.52,171.72 1 0
github.com/apimgr/vidveil/src/server/server.go:171.72,213.38 12 0
github.com/apimgr/vidveil/src/server/server.go:213.38,215.5 1 0
github.com/apimgr/vidveil/src/server/server.go:219.4,225.62 6 0
github.com/apimgr/vidveil/src/server/server.go:225.62,227.5 1 0
github.com/apimgr/vidveil/src/server/server.go:229.4,230.43 2 0
github.com/apimgr/vidveil/src/server/server.go:230.43,233.5 1 0
github.com/apimgr/vidveil/src/server/server.go:233.10,233.47 1 0
github.com/apimgr/vidveil/src/server/server.go:233.47,238.5 3 0
github.com/apimgr/vidveil/src/server/server.go:238.10,241.5 1 0
github.com/apimgr/vidveil/src/server/server.go:242.4,242.24 1 0
github.com/apimgr/vidveil/src/server/server.go:249.2,262.52 5 0
github.com/apimgr/vidveil/src/server/server.go:262.52,263.72 1 0
github.com/apimgr/vidveil/src/server/server.go:263.72,266.4 2 0
github.com/apimgr/vidveil/src/server/server.go:270.2,270.52 1 0
github.com/apimgr/vidveil/src/server/server.go:270.52,272.72 2 0
github.com/apimgr/vidveil/src/server/server.go:272.72,273.24 1 0
github.com/apimgr/vidveil/src/server/server.go:273.24,276.5 2 0
github.com/apimgr/vidveil/src/server/server.go:277.4,277.25 1 0
github.com/apimgr/vidveil/src/server/server.go:283.2,291.40 3 0
github.com/apimgr/vidveil/src/server/server.go:306.74,307.71 1 1
github.com/apimgr/vidveil/src/server/server.go:307.71,309.61 1 1
github.com/apimgr/vidveil/src/server/server.go:309.61,312.4 2 1
github.com/apimgr/vidveil/src/server/server.go:316.3,318.40 2 0
github.com/apimgr/vidveil/src/server/server.go:318.40,321.4 2 0
github.com/apimgr/vidveil/src/server/server.go:324.3,324.68 1 0
github.com/apimgr/vidveil/src/server/server.go:324.68,327.4 2 0
github.com/apimgr/vidveil/src/server/server.go:330.3,333.37 2 0
github.com/apimgr/vidveil/src/server/server.go:333.37,336.4 2 0
github.com/apimgr/vidveil/src/server/server.go:338.3,340.24 3 0
github.com/apimgr/vidveil/src/server/server.go:340.24,343.4 2 0
github.com/apimgr/vidveil/src/server/server.go:347.3,349.24 3 0
github.com/apimgr/vidveil/src/server/server.go:361.53,362.20 1 1
github.com/apimgr/vidveil/src/server/server.go:362.20,365.41 3 1
github.com/apimgr/vidveil/src/server/server.go:365.41,367.4 1 1
github.com/apimgr/vidveil/src/server/server.go:369.2,369.36 1 1
github.com/apimgr/vidveil/src/server/server.go:372.60,373.20 1 1
github.com/apimgr/vidveil/src/server/server.go:373.20,376.3 1 1
github.com/apimgr/vidveil/src/server/server.go:377.2,377.34 1 1
github.com/apimgr/vidveil/src/server/server.go:381.60,383.2 1 1
github.com/apimgr/vidveil/src/server/server.go:386.39,387.50 1 1
github.com/apimgr/vidveil/src/server/server.go:387.50,389.3 1 1
github.com/apimgr/vidveil/src/server/server.go:394.63,395.71 1 1
github.com/apimgr/vidveil/src/server/server.go:395.71,399.40 2 1
github.com/apimgr/vidveil/src/server/server.go:399.40,402.4 2 1
github.com/apimgr/vidveil/src/server/server.go:405.3,409.10 3 1
github.com/apimgr/vidveil/src/server/server.go:410.40,411.49 1 1
github.com/apimgr/vidveil/src/server/server.go:412.41,413.50 1 1
github.com/apimgr/vidveil/src/server/server.go:414.40,415.49 1 1
github.com/apimgr/vidveil/src/server/server.go:416.41,417.50 1 1
github.com/apimgr/vidveil/src/server/server.go:418.40,419.49 1 1
github.com/apimgr/vidveil/src/server/server.go:422.3,422.23 1 1
github.com/apimgr/vidveil/src/server/server.go:427.32,460.45 17 0
github.com/apimgr/vidveil/src/server/server.go:460.45,464.3 3 0
github.com/apimgr/vidveil/src/server/server.go:465.2,476.70 9 0
github.com/apimgr/vidveil/src/server/server.go:476.70,478.17 2 0
github.com/apimgr/vidveil/src/server/server.go:478.17,481.4 2 0
github.com/apimgr/vidveil/src/server/server.go:482.3,485.16 4 0
github.com/apimgr/vidveil/src/server/server.go:487.2,487.78 1 0
github.com/apimgr/vidveil/src/server/server.go:487.78,489.17 2 0
github.com/apimgr/vidveil/src/server/server.go:489.17,492.4 2 0
github.com/apimgr/vidveil/src/server/server.go:493.3,495.16 3 0
github.com/apimgr/vidveil/src/server/server.go:497.2,497.77 1 0
github.com/apimgr/vidveil/src/server/server.go:497.77,499.17 2 0
github.com/apimgr/vidveil/src/server/server.go:499.17,502.4 2 0
github.com/apimgr/vidveil/src/server/server.go:504.3,505.17 2 0
github.com/apimgr/vidveil/src/server/server.go:505.17,508.4 2 0
github.com/apimgr/vidveil/src/server/server.go:509.3,515.5 4 0
github.com/apimgr/vidveil/src/server/server.go:519.2,544.40 10 0
github.com/apimgr/vidveil/src/server/server.go:544.40,546.3 1 0
github.com/apimgr/vidveil/src/server/server.go:549.2,549.36 1 0
github.com/apimgr/vidveil/src/server/server.go:549.36,561.3 7 0
github.com/apimgr/vidveil/src/server/server.go:564.2,565.47 2 0
github.com/apimgr/vidveil/src/server/server.go:565.47,571.3 5 0
github.com/apimgr/vidveil/src/server/server.go:575.2,578.47 2 0
github.com/apimgr/vidveil/src/server/server.go:578.47,599.40 9 0
github.com/apimgr/vidveil/src/server/server.go:599.40,602.4 2 0
github.com/apimgr/vidveil/src/server/server.go:606.3,609.41 2 0
github.com/apimgr/vidveil/src/server/server.go:609.41,615.4 5 0
github.com/apimgr/vidveil/src/server/server.go:618.3,619.39 2 0
github.com/apimgr/vidveil/src/server/server.go:624.2,624.38 1 0
github.com/apimgr/vidveil/src/server/server.go:628.52,642.2 5 0
github.com/apimgr/vidveil/src/server/server.go:647.60,649.2 1 0
github.com/apimgr/vidveil/src/server/server.go:653.55,665.2 5 0
github.com/apimgr/vidveil/src/server/server.go:669.53,682.2 5 0
github.com/apimgr/vidveil/src/server/server.go:686.54,687.13 1 1
github.com/apimgr/vidveil/src/server/server.go:687.13,689.3 1 1
github.com/apimgr/vidveil/src/server/server.go:690.2,692.9 3 1
github.com/apimgr/vidveil/src/server/server.go:693.34,695.34 2 1
github.com/apimgr/vidveil/src/server/server.go:696.34,698.34 2 1
github.com/apimgr/vidveil/src/server/server.go:699.34,701.34 2 1
github.com/apimgr/vidveil/src/server/server.go:702.33,703.33 1 1
github.com/apimgr/vidveil/src/server/server.go:705.2,706.22 2 1
github.com/apimgr/vidveil/src/server/server.go:706.22,707.25 1 1
github.com/apimgr/vidveil/src/server/server.go:707.25,709.4 1 1
github.com/apimgr/vidveil/src/server/server.go:710.3,710.30 1 1
github.com/apimgr/vidveil/src/server/server.go:712.2,712.14 1 1
github.com/apimgr/vidveil/src/server/server.go:712.14,714.3 1 1
github.com/apimgr/vidveil/src/server/server.go:715.2,715.25 1 1
github.com/apimgr/vidveil/src/server/server.go:718.70,719.13 1 1
github.com/apimgr/vidveil/src/server/server.go:719.13,721.3 1 1
github.com/apimgr/vidveil/src/server/server.go:722.2,723.16 2 1
github.com/apimgr/vidveil/src/server/server.go:723.16,725.3 1 1
github.com/apimgr/vidveil/src/server/server.go:726.2,726.10 1 1
github.com/apimgr/vidveil/src/server/server.go:730.54,731.18 1 1
github.com/apimgr/vidveil/src/server/server.go:731.18,733.3 1 0
github.com/apimgr/vidveil/src/server/server.go:734.2,734.12 1 1
github.com/apimgr/vidveil/src/server/server.go:740.61,741.71 1 1
github.com/apimgr/vidveil/src/server/server.go:741.71,745.18 2 1
github.com/apimgr/vidveil/src/server/server.go:745.18,748.4 2 1
github.com/apimgr/vidveil/src/server/server.go:751.3,751.35 1 1
github.com/apimgr/vidveil/src/server/server.go:751.35,754.72 2 1
github.com/apimgr/vidveil/src/server/server.go:754.72,757.29 2 1
github.com/apimgr/vidveil/src/server/server.go:757.29,759.6 1 1
github.com/apimgr/vidveil/src/server/server.go:760.5,761.11 2 1
github.com/apimgr/vidveil/src/server/server.go:765.3,765.23 1 1
github.com/apimgr/vidveil/src/server/server.go:775.42,778.2 2 1
github.com/apimgr/vidveil/src/server/server.go:785.70,786.71 1 1
github.com/apimgr/vidveil/src/server/server.go:786.71,788.23 2 1
github.com/apimgr/vidveil/src/server/server.go:788.23,791.21 3 1
github.com/apimgr/vidveil/src/server/server.go:791.21,792.35 1 1
github.com/apimgr/vidveil/src/server/server.go:792.35,795.38 2 1
github.com/apimgr/vidveil/src/server/server.go:795.38,796.38 1 1
github.com/apimgr/vidveil/src/server/server.go:796.38,798.8 1 1
github.com/apimgr/vidveil/src/server/server.go:798.13,800.8 1 1
github.com/apimgr/vidveil/src/server/server.go:802.6,803.48 2 1
github.com/apimgr/vidveil/src/server/server.go:803.48,807.12 4 1
github.com/apimgr/vidveil/src/server/server.go:812.3,812.23 1 1
github.com/apimgr/vidveil/src/server/server.go:819.70,820.71 1 1
github.com/apimgr/vidveil/src/server/server.go:820.71,822.23 1 1
github.com/apimgr/vidveil/src/server/server.go:822.23,825.4 2 0
github.com/apimgr/vidveil/src/server/server.go:826.3,827.72 2 1
github.com/apimgr/vidveil/src/server/server.go:827.72,830.4 2 1
github.com/apimgr/vidveil/src/server/server.go:831.3,832.40 2 1
github.com/apimgr/vidveil/src/server/server.go:832.40,835.4 2 1
github.com/apimgr/vidveil/src/server/server.go:836.3,836.23 1 1
github.com/apimgr/vidveil/src/server/server.go:844.66,845.71 1 1
github.com/apimgr/vidveil/src/server/server.go:845.71,847.23 1 1
github.com/apimgr/vidveil/src/server/server.go:847.23,850.4 2 0
github.com/apimgr/vidveil/src/server/server.go:851.3,852.58 2 1
github.com/apimgr/vidveil/src/server/server.go:852.58,855.4 2 1
github.com/apimgr/vidveil/src/server/server.go:857.3,858.54 1 1
github.com/apimgr/vidveil/src/server/server.go:858.54,861.4 2 1
github.com/apimgr/vidveil/src/server/server.go:862.3,863.40 2 1
github.com/apimgr/vidveil/src/server/server.go:863.40,866.4 2 1
github.com/apimgr/vidveil/src/server/server.go:867.3,867.23 1 1
github.com/apimgr/vidveil/src/server/server.go:873.46,875.16 2 1
github.com/apimgr/vidveil/src/server/server.go:875.16,878.3 1 1
github.com/apimgr/vidveil/src/server/server.go:879.2,879.11 1 1
github.com/apimgr/vidveil/src/server/server.go:892.67,893.71 1 1
github.com/apimgr/vidveil/src/server/server.go:893.71,896.27 2 1
github.com/apimgr/vidveil/src/server/server.go:896.27,897.20 1 1
github.com/apimgr/vidveil/src/server/server.go:898.78,900.69 1 1
github.com/apimgr/vidveil/src/server/server.go:900.69,903.6 2 1
github.com/apimgr/vidveil/src/server/server.go:908.3,909.67 2 1
github.com/apimgr/vidveil/src/server/server.go:909.67,912.4 2 1
github.com/apimgr/vidveil/src/server/server.go:914.3,914.23 1 1
github.com/apimgr/vidveil/src/graphql/graphql.go:24.88,29.2 1 1
github.com/apimgr/vidveil/src/graphql/graphql.go:50.66,55.32 3 1
github.com/apimgr/vidveil/src/graphql/graphql.go:55.32,58.51 3 1
github.com/apimgr/vidveil/src/graphql/graphql.go:58.51,60.4 1 1
github.com/apimgr/vidveil/src/graphql/graphql.go:61.8,61.40 1 1
github.com/apimgr/vidveil/src/graphql/graphql.go:61.40,62.62 1 1
github.com/apimgr/vidveil/src/graphql/graphql.go:62.62,67.4 2 1
github.com/apimgr/vidveil/src/graphql/graphql.go:68.8,73.3 2 1
github.com/apimgr/vidveil/src/graphql/graphql.go:76.2,77.37 2 1
github.com/apimgr/vidveil/src/graphql/graphql.go:82.68,86.33 3 1
github.com/apimgr/vidveil/src/graphql/graphql.go:86.33,89.21 3 1
github.com/apimgr/vidveil/src/graphql/graphql.go:89.21,94.4 4 1
github.com/apimgr/vidveil/src/graphql/graphql.go:97.2,129.62 4 1
github.com/apimgr/vidveil/src/graphql/graphql.go:133.54,137.78 2 1
github.com/apimgr/vidveil/src/graphql/graphql.go:137.78,139.3 1 1
github.com/apimgr/vidveil/src/graphql/graphql.go:143.2,143.79 1 1
github.com/apimgr/vidveil/src/graphql/graphql.go:143.79,145.3 1 1
github.com/apimgr/vidveil/src/graphql/graphql.go:147.2,147.113 1 1
github.com/apimgr/vidveil/src/graphql/graphql.go:147.113,149.3 1 1
github.com/apimgr/vidveil/src/graphql/graphql.go:151.2,151.91 1 1
github.com/apimgr/vidveil/src/graphql/graphql.go:151.91,153.3 1 1
github.com/apimgr/vidveil/src/graphql/graphql.go:155.2,155.159 1 1
github.com/apimgr/vidveil/src/graphql/graphql.go:155.159,157.3 1 1
github.com/apimgr/vidveil/src/graphql/graphql.go:158.2,158.81 1 1
github.com/apimgr/vidveil/src/graphql/graphql.go:158.81,160.3 1 1
github.com/apimgr/vidveil/src/graphql/graphql.go:162.2,164.3 1 1
github.com/apimgr/vidveil/src/graphql/graphql.go:167.54,172.50 3 1
github.com/apimgr/vidveil/src/graphql/graphql.go:172.50,174.3 1 1
github.com/apimgr/vidveil/src/graphql/graphql.go:175.2,175.50 1 1
github.com/apimgr/vidveil/src/graphql/graphql.go:175.50,177.3 1 1
github.com/apimgr/vidveil/src/graphql/graphql.go:179.2,179.13 1 1
github.com/apimgr/vidveil/src/graphql/graphql.go:179.13,183.3 1 1
github.com/apimgr/vidveil/src/graphql/graphql.go:185.2,189.41 3 1
github.com/apimgr/vidveil/src/graphql/graphql.go:189.41,203.3 1 0
github.com/apimgr/vidveil/src/graphql/graphql.go:205.2,221.3 1 1
github.com/apimgr/vidveil/src/graphql/graphql.go:224.44,228.28 3 1
github.com/apimgr/vidveil/src/graphql/graphql.go:228.28,237.3 1 0
github.com/apimgr/vidveil/src/graphql/graphql.go:239.2,243.3 1 1
github.com/apimgr/vidveil/src/graphql/graphql.go:246.43,255.2 1 1
github.com/apimgr/vidveil/src/graphql/graphql.go:257.42,261.26 3 1
github.com/apimgr/vidveil/src/graphql/graphql.go:261.26,268.3 1 1
github.com/apimgr/vidveil/src/graphql/graphql.go:270.2,274.3 1 1
github.com/apimgr/vidveil/src/graphql/graphql.go:277.60,279.51 2 1
github.com/apimgr/vidveil/src/graphql/graphql.go:279.51,281.3 1 1
github.com/apimgr/vidveil/src/graphql/graphql.go:283.2,283.18 1 1
github.com/apimgr/vidveil/src/graphql/graphql.go:283.18,289.3 1 1
github.com/apimgr/vidveil/src/graphql/graphql.go:291.2,294.32 3 1
github.com/apimgr/vidveil/src/graphql/graphql.go:294.32,301.3 1 1
github.com/apimgr/vidveil/src/graphql/graphql.go:303.2,307.3 1 1
github.com/apimgr/vidveil/src/graphql/graphql.go:310.62,313.41 2 1
github.com/apimgr/vidveil/src/graphql/graphql.go:313.41,319.3 1 1
github.com/apimgr/vidveil/src/graphql/graphql.go:321.2,325.3 1 1
github.com/apimgr/vidveil/src/graphql/graphql.go:328.54,446.2 1 1
github.com/apimgr/vidveil/src/graphql/graphql.go:449.66,510.2 2 1
github.com/apimgr/vidveil/src/graphql/graphql.go:513.66,516.2 2 1
github.com/apimgr/vidveil/src/server/daemon/container.go:16.25,24.35 2 1
github.com/apimgr/vidveil/src/server/daemon/container.go:24.35,25.39 1 1
github.com/apimgr/vidveil/src/server/daemon/container.go:25.39,27.4 1 1
github.com/apimgr/vidveil/src/server/daemon/container.go:32.2,32.34 1 0
github.com/apimgr/vidveil/src/server/daemon/container.go:32.34,34.3 1 0
github.com/apimgr/vidveil/src/server/daemon/container.go:36.2,36.48 1 0
github.com/apimgr/vidveil/src/server/daemon/container.go:36.48,38.3 1 0
github.com/apimgr/vidveil/src/server/daemon/container.go:41.2,42.20 2 0
github.com/apimgr/vidveil/src/server/daemon/container.go:43.74,44.14 1 0
github.com/apimgr/vidveil/src/server/daemon/container.go:45.17,47.14 1 0
github.com/apimgr/vidveil/src/server/daemon/container.go:51.2,51.60 1 0
github.com/apimgr/vidveil/src/server/daemon/container.go:51.60,55.37 2 0
github.com/apimgr/vidveil/src/server/daemon/container.go:55.37,57.4 1 0
github.com/apimgr/vidveil/src/server/daemon/container.go:60.2,60.14 1 0
github.com/apimgr/vidveil/src/server/daemon/container.go:64.36,66.19 1 1
github.com/apimgr/vidveil/src/server/daemon/container.go:66.19,68.3 1 1
github.com/apimgr/vidveil/src/server/daemon/container.go:70.2,73.15 2 0
github.com/apimgr/vidveil/src/server/daemon/container.go:73.15,74.59 1 0
github.com/apimgr/vidveil/src/server/daemon/container.go:74.59,76.4 1 0
github.com/apimgr/vidveil/src/server/daemon/container.go:79.2,79.38 1 0
github.com/apimgr/vidveil/src/server/daemon/container.go:79.38,81.3 1 0
github.com/apimgr/vidveil/src/server/daemon/container.go:84.2,84.43 1 0
github.com/apimgr/vidveil/src/server/daemon/container.go:84.43,86.3 1 0
github.com/apimgr/vidveil/src/server/daemon/container.go:89.2,89.30 1 0
github.com/apimgr/vidveil/src/server/daemon/container.go:89.30,91.3 1 0
github.com/apimgr/vidveil/src/server/daemon/container.go:94.2,94.35 1 0
github.com/apimgr/vidveil/src/server/daemon/container.go:94.35,96.3 1 0
github.com/apimgr/vidveil/src/server/daemon/container.go:99.2,99.15 1 0
github.com/apimgr/vidveil/src/server/daemon/container.go:99.15,100.51 1 0
github.com/apimgr/vidveil/src/server/daemon/container.go:100.51,101.68 1 0
github.com/apimgr/vidveil/src/server/daemon/container.go:101.68,103.5 1 0
github.com/apimgr/vidveil/src/server/daemon/container.go:108.2,108.51 1 0
github.com/apimgr/vidveil/src/server/daemon/container.go:108.51,110.3 1 0
github.com/apimgr/vidveil/src/server/daemon/container.go:112.2,112.17 1 0
github.com/apimgr/vidveil/src/server/daemon/container.go:116.36,120.78 2 1
github.com/apimgr/vidveil/src/server/daemon/container.go:120.78,122.3 1 1
github.com/apimgr/vidveil/src/server/daemon/container.go:125.2,126.45 2 0
github.com/apimgr/vidveil/src/server/daemon/container.go:126.45,128.3 1 0
github.com/apimgr/vidveil/src/server/daemon/container.go:130.2,130.11 1 0
github.com/apimgr/vidveil/src/server/daemon/container.go:136.87,137.20 1 1
github.com/apimgr/vidveil/src/server/daemon/container.go:137.20,138.33 1 1
github.com/apimgr/vidveil/src/server/daemon/container.go:139.57,141.16 1 1
github.com/apimgr/vidveil/src/server/daemon/container.go:142.22,144.15 1 0
github.com/apimgr/vidveil/src/server/daemon/container.go:145.11,146.16 1 0
github.com/apimgr/vidveil/src/server/daemon/container.go:151.2,151.16 1 1
github.com/apimgr/vidveil/src/server/daemon/container.go:151.16,153.3 1 1
github.com/apimgr/vidveil/src/server/daemon/container.go:154.2,154.24 1 1
github.com/apimgr/vidveil/src/server/daemon/daemon_unix.go:15.24,17.23 1 1
github.com/apimgr/vidveil/src/server/daemon/daemon_unix.go:17.23,19.3 1 1
github.com/apimgr/vidveil/src/server/daemon/daemon_unix.go:22.2,22.38 1 0
github.com/apimgr/vidveil/src/server/daemon/daemon_unix.go:22.38,25.3 1 0
github.com/apimgr/vidveil/src/server/daemon/daemon_unix.go:28.2,29.16 2 0
github.com/apimgr/vidveil/src/server/daemon/daemon_unix.go:29.16,31.3 1 0
github.com/apimgr/vidveil/src/server/daemon/daemon_unix.go:34.2,48.36 8 0
github.com/apimgr/vidveil/src/server/daemon/daemon_unix.go:48.36,50.3 1 0
github.com/apimgr/vidveil/src/server/daemon/daemon_unix.go:53.2,55.12 3 0
github.com/apimgr/vidveil/src/server/daemon/daemon_unix.go:59.47,61.27 2 1
github.com/apimgr/vidveil/src/server/daemon/daemon_unix.go:61.27,62.39 1 1
github.com/apimgr/vidveil/src/server/daemon/daemon_unix.go:62.39,64.4 1 1
github.com/apimgr/vidveil/src/server/daemon/daemon_unix.go:66.2,66.17 1 1
github.com/apimgr/vidveil/src/client/tui/layout.go:26.37,31.2 1 1
github.com/apimgr/vidveil/src/client/tui/layout.go:34.47,36.9 1 1
github.com/apimgr/vidveil/src/client/tui/layout.go:37.30,38.21 1 1
github.com/apimgr/vidveil/src/client/tui/layout.go:39.30,40.23 1 1
github.com/apimgr/vidveil/src/client/tui/layout.go:41.30,42.23 1 1
github.com/apimgr/vidveil/src/client/tui/layout.go:43.31,44.24 1 1
github.com/apimgr/vidveil/src/client/tui/layout.go:45.31,46.20 1 1
github.com/apimgr/vidveil/src/client/tui/layout.go:47.31,48.25 1 1
github.com/apimgr/vidveil/src/client/tui/layout.go:49.10,50.23 1 1
github.com/apimgr/vidveil/src/client/tui/layout.go:70.43,151.2 2 1
github.com/apimgr/vidveil/src/client/tui/layout.go:168.35,169.11 1 1
github.com/apimgr/vidveil/src/client/tui/layout.go:170.34,171.17 1 1
github.com/apimgr/vidveil/src/client/tui/layout.go:172.21,173.16 1 1
github.com/apimgr/vidveil/src/client/tui/layout.go:174.22,175.16 1 1
github.com/apimgr/vidveil/src/client/tui/layout.go:176.18,177.16 1 1
github.com/apimgr/vidveil/src/client/tui/layout.go:178.10,179.17 1 1
github.com/apimgr/vidveil/src/client/tui/styles.go:23.59,39.2 1 1
github.com/apimgr/vidveil/src/client/tui/styles.go:42.35,44.2 1 1
github.com/apimgr/vidveil/src/client/tui/styles.go:47.33,49.2 1 1
github.com/apimgr/vidveil/src/server/service/auth/tokens.go:64.51,66.44 2 1
github.com/apimgr/vidveil/src/server/service/auth/tokens.go:66.44,68.3 1 0
github.com/apimgr/vidveil/src/server/service/auth/tokens.go:71.2,72.23 2 1
github.com/apimgr/vidveil/src/server/service/auth/tokens.go:72.23,74.3 1 1
github.com/apimgr/vidveil/src/server/service/auth/tokens.go:76.2,76.30 1 1
github.com/apimgr/vidveil/src/server/service/auth/tokens.go:81.37,84.2 2 1
github.com/apimgr/vidveil/src/server/service/auth/tokens.go:88.42,89.21 1 1
github.com/apimgr/vidveil/src/server/service/auth/tokens.go:89.21,91.3 1 1
github.com/apimgr/vidveil/src/server/service/auth/tokens.go:92.2,92.14 1 1
github.com/apimgr/vidveil/src/server/service/auth/tokens.go:97.45,99.46 1 1
github.com/apimgr/vidveil/src/server/service/auth/tokens.go:99.46,101.3 1 1
github.com/apimgr/vidveil/src/server/service/auth/tokens.go:104.2,104.43 1 1
github.com/apimgr/vidveil/src/server/service/auth/tokens.go:104.43,106.3 1 1
github.com/apimgr/vidveil/src/server/service/auth/tokens.go:108.2,108.14 1 1
github.com/apimgr/vidveil/src/server/service/auth/tokens.go:113.40,114.46 1 1
github.com/apimgr/vidveil/src/server/service/auth/tokens.go:114.46,116.3 1 1
github.com/apimgr/vidveil/src/server/service/auth/tokens.go:117.2,117.43 1 1
github.com/apimgr/vidveil/src/server/service/auth/tokens.go:117.43,119.3 1 1
github.com/apimgr/vidveil/src/server/service/auth/tokens.go:120.2,120.18 1 1
github.com/apimgr/vidveil/src/server/service/auth/tokens.go:124.38,126.2 1 1
github.com/apimgr/vidveil/src/mode/mode.go:31.34,32.11 1 1
github.com/apimgr/vidveil/src/mode/mode.go:33.19,34.23 1 1
github.com/apimgr/vidveil/src/mode/mode.go:35.10,36.22 1 1
github.com/apimgr/vidveil/src/mode/mode.go:42.27,43.28 1 1
github.com/apimgr/vidveil/src/mode/mode.go:44.28,45.28 1 1
github.com/apimgr/vidveil/src/mode/mode.go:46.10,47.27 1 1
github.com/apimgr/vidveil/src/mode/mode.go:49.2,49.27 1 1
github.com/apimgr/vidveil/src/mode/mode.go:54.29,57.2 2 1
github.com/apimgr/vidveil/src/mode/mode.go:60.32,61.18 1 1
github.com/apimgr/vidveil/src/mode/mode.go:61.18,65.3 2 1
github.com/apimgr/vidveil/src/mode/mode.go:65.8,69.3 2 1
github.com/apimgr/vidveil/src/mode/mode.go:74.31,76.2 1 1
github.com/apimgr/vidveil/src/mode/mode.go:80.34,82.2 1 1
github.com/apimgr/vidveil/src/mode/mode.go:86.33,88.2 1 1
github.com/apimgr/vidveil/src/mode/mode.go:93.28,95.2 1 1
github.com/apimgr/vidveil/src/mode/mode.go:100.29,102.18 2 1
github.com/apimgr/vidveil/src/mode/mode.go:102.18,104.3 1 1
github.com/apimgr/vidveil/src/mode/mode.go:105.2,105.10 1 1
github.com/apimgr/vidveil/src/mode/mode.go:110.26,111.37 1 1
github.com/apimgr/vidveil/src/mode/mode.go:111.37,113.3 1 1
github.com/apimgr/vidveil/src/mode/mode.go:114.2,114.41 1 1
github.com/apimgr/vidveil/src/mode/mode.go:114.41,116.3 1 1
github.com/apimgr/vidveil/src/mode/mode.go:121.57,126.20 2 1
github.com/apimgr/vidveil/src/mode/mode.go:126.20,128.3 1 1
github.com/apimgr/vidveil/src/mode/mode.go:129.2,129.15 1 1
github.com/apimgr/vidveil/src/mode/mode.go:129.15,131.3 1 1
github.com/apimgr/vidveil/src/mode/mode.go:136.27,137.27 1 1
github.com/apimgr/vidveil/src/mode/mode.go:137.27,139.3 1 1
github.com/apimgr/vidveil/src/mode/mode.go:140.2,140.15 1 1
github.com/apimgr/vidveil/src/mode/mode.go:145.34,147.2 1 1
github.com/apimgr/vidveil/src/mode/mode.go:151.30,153.2 1 1
github.com/apimgr/vidveil/src/mode/mode.go:157.34,159.2 1 1
github.com/apimgr/vidveil/src/mode/mode.go:163.31,165.2 1 1
github.com/apimgr/vidveil/src/mode/mode.go:169.35,171.2 1 1
github.com/apimgr/vidveil/src/mode/mode.go:175.40,177.2 1 1
github.com/apimgr/vidveil/src/common/terminal/color.go:40.35,44.2 3 1
github.com/apimgr/vidveil/src/common/terminal/color.go:48.35,52.2 3 1
github.com/apimgr/vidveil/src/common/terminal/color.go:56.45,57.32 1 1
github.com/apimgr/vidveil/src/common/terminal/color.go:58.42,59.25 1 1
github.com/apimgr/vidveil/src/common/terminal/color.go:60.42,61.24 1 1
github.com/apimgr/vidveil/src/common/terminal/color.go:62.10,63.23 1 1
github.com/apimgr/vidveil/src/common/terminal/color.go:73.26,78.14 4 1
github.com/apimgr/vidveil/src/common/terminal/color.go:79.23,80.14 1 1
github.com/apimgr/vidveil/src/common/terminal/color.go:81.22,82.15 1 1
github.com/apimgr/vidveil/src/common/terminal/color.go:83.10,84.27 1 1
github.com/apimgr/vidveil/src/common/terminal/color.go:90.29,92.33 1 1
github.com/apimgr/vidveil/src/common/terminal/color.go:92.33,94.3 1 1
github.com/apimgr/vidveil/src/common/terminal/color.go:97.2,97.43 1 1
github.com/apimgr/vidveil/src/common/terminal/color.go:97.43,99.3 1 1
github.com/apimgr/vidveil/src/common/terminal/color.go:102.2,102.33 1 0
github.com/apimgr/vidveil/src/common/terminal/color.go:102.33,104.3 1 0
github.com/apimgr/vidveil/src/common/terminal/color.go:106.2,106.13 1 0
github.com/apimgr/vidveil/src/common/terminal/color.go:112.47,113.40 1 1
github.com/apimgr/vidveil/src/common/terminal/color.go:113.40,115.3 1 1
github.com/apimgr/vidveil/src/common/terminal/color.go:116.2,116.33 1 1
github.com/apimgr/vidveil/src/common/terminal/color.go:116.33,118.3 1 1
github.com/apimgr/vidveil/src/common/terminal/color.go:119.2,119.16 1 1
github.com/apimgr/vidveil/src/common/terminal/color.go:119.16,121.3 1 1
github.com/apimgr/vidveil/src/common/terminal/color.go:122.2,122.45 1 1
github.com/apimgr/vidveil/src/common/terminal/color.go:128.26,134.28 4 1
github.com/apimgr/vidveil/src/common/terminal/color.go:134.28,136.3 1 1
github.com/apimgr/vidveil/src/common/terminal/color.go:139.2,139.29 1 1
github.com/apimgr/vidveil/src/common/terminal/color.go:139.29,141.3 1 1
github.com/apimgr/vidveil/src/common/terminal/color.go:144.2,144.43 1 1
github.com/apimgr/vidveil/src/common/terminal/color.go:144.43,146.3 1 1
github.com/apimgr/vidveil/src/common/terminal/color.go:149.2,149.33 1 0
github.com/apimgr/vidveil/src/common/terminal/color.go:149.33,151.3 1 0
github.com/apimgr/vidveil/src/common/terminal/color.go:155.2,155.13 1 0
github.com/apimgr/vidveil/src/common/terminal/color.go:163.26,169.29 4 1
github.com/apimgr/vidveil/src/common/terminal/color.go:169.29,171.3 1 1
github.com/apimgr/vidveil/src/common/terminal/color.go:174.2,174.28 1 1
github.com/apimgr/vidveil/src/common/terminal/color.go:174.28,176.3 1 1
github.com/apimgr/vidveil/src/common/terminal/color.go:179.2,179.33 1 1
github.com/apimgr/vidveil/src/common/terminal/color.go:179.33,181.3 1 1
github.com/apimgr/vidveil/src/common/terminal/color.go:184.2,184.33 1 1
github.com/apimgr/vidveil/src/common/terminal/color.go:184.33,186.3 1 1
github.com/apimgr/vidveil/src/common/terminal/color.go:188.2,188.13 1 0
github.com/apimgr/vidveil/src/common/terminal/color.go:233.43,234.21 1 1
github.com/apimgr/vidveil/src/common/terminal/color.go:234.21,236.3 1 1
github.com/apimgr/vidveil/src/common/terminal/color.go:237.2,237.37 1 1
github.com/apimgr/vidveil/src/common/terminal/color.go:243.43,244.21 1 1
github.com/apimgr/vidveil/src/common/terminal/color.go:244.21,246.3 1 1
github.com/apimgr/vidveil/src/common/terminal/color.go:247.2,247.37 1 1
github.com/apimgr/vidveil/src/common/terminal/color.go:252.31,254.2 1 1
github.com/apimgr/vidveil/src/common/terminal/color.go:258.30,260.2 1 1
github.com/apimgr/vidveil/src/common/terminal/color.go:264.33,266.2 1 1
github.com/apimgr/vidveil/src/common/terminal/color.go:270.36,272.2 1 1
github.com/apimgr/vidveil/src/common/terminal/color.go:276.30,278.2 1 1
github.com/apimgr/vidveil/src/common/terminal/color.go:282.32,284.2 1 1
github.com/apimgr/vidveil/src/common/terminal/color.go:288.33,290.2 1 1
github.com/apimgr/vidveil/src/common/terminal/color.go:294.31,296.2 1 1
github.com/apimgr/vidveil/src/common/terminal/color.go:300.31,302.2 1 1
github.com/apimgr/vidveil/src/common/terminal/color.go:306.43,307.20 1 1
github.com/apimgr/vidveil/src/common/terminal/color.go:307.20,309.3 1 1
github.com/apimgr/vidveil/src/common/terminal/color.go:310.2,310.17 1 1
github.com/apimgr/vidveil/src/common/terminal/color.go:315.38,316.13 1 1
github.com/apimgr/vidveil/src/common/terminal/color.go:316.13,318.3 1 1
github.com/apimgr/vidveil/src/common/terminal/color.go:319.2,319.31 1 1
github.com/apimgr/vidveil/src/common/terminal/color.go:323.27,325.2 1 1
github.com/apimgr/vidveil/src/common/terminal/color.go:328.24,330.2 1 1
github.com/apimgr/vidveil/src/common/terminal/color.go:333.26,335.2 1 1
github.com/apimgr/vidveil/src/common/terminal/color.go:338.25,340.2 1 1
github.com/apimgr/vidveil/src/common/terminal/color.go:343.23,345.2 1 1
github.com/apimgr/vidveil/src/common/terminal/color.go:348.24,350.2 1 1
github.com/apimgr/vidveil/src/common/terminal/color.go:353.26,355.2 1 1
github.com/apimgr/vidveil/src/common/terminal/color.go:358.23,360.2 1 1
github.com/apimgr/vidveil/src/common/terminal/color.go:363.24,365.2 1 1
github.com/apimgr/vidveil/src/common/terminal/color.go:368.24,370.2 1 1
github.com/apimgr/vidveil/src/common/terminal/resize.go:20.55,25.12 4 1
github.com/apimgr/vidveil/src/common/terminal/resize.go:25.12,28.7 2 0
github.com/apimgr/vidveil/src/common/terminal/resize.go:28.7,29.11 1 0
github.com/apimgr/vidveil/src/common/terminal/resize.go:30.19,31.23 1 0
github.com/apimgr/vidveil/src/common/terminal/resize.go:31.23,33.6 1 0
github.com/apimgr/vidveil/src/common/terminal/resize.go:34.16,35.11 1 0
github.com/apimgr/vidveil/src/common/terminal/resize.go:40.2,40.13 1 1
github.com/apimgr/vidveil/src/common/terminal/resize.go:45.42,46.9 1 1
github.com/apimgr/vidveil/src/common/terminal/resize.go:47.14,47.14 0 1
github.com/apimgr/vidveil/src/common/terminal/resize.go:49.10,50.14 1 1
github.com/apimgr/vidveil/src/common/terminal/size.go:40.37,42.15 2 1
github.com/apimgr/vidveil/src/common/terminal/size.go:42.15,44.3 1 1
github.com/apimgr/vidveil/src/common/terminal/size.go:45.2,45.15 1 1
github.com/apimgr/vidveil/src/common/terminal/size.go:45.15,47.3 1 1
github.com/apimgr/vidveil/src/common/terminal/size.go:49.2,53.3 1 1
github.com/apimgr/vidveil/src/common/terminal/size.go:57.45,58.9 1 1
github.com/apimgr/vidveil/src/common/terminal/size.go:59.30,60.23 1 1
github.com/apimgr/vidveil/src/common/terminal/size.go:61.30,62.25 1 1
github.com/apimgr/vidveil/src/common/terminal/size.go:63.30,64.25 1 1
github.com/apimgr/vidveil/src/common/terminal/size.go:65.31,66.26 1 1
github.com/apimgr/vidveil/src/common/terminal/size.go:67.31,68.22 1 1
github.com/apimgr/vidveil/src/common/terminal/size.go:69.31,70.27 1 1
github.com/apimgr/vidveil/src/common/terminal/size.go:71.10,72.25 1 1
github.com/apimgr/vidveil/src/common/terminal/size.go:77.39,77.71 1 1
github.com/apimgr/vidveil/src/common/terminal/size.go:80.38,80.69 1 1
github.com/apimgr/vidveil/src/common/terminal/size.go:83.38,83.66 1 1
github.com/apimgr/vidveil/src/common/terminal/size.go:86.36,86.67 1 1
github.com/apimgr/vidveil/src/common/terminal/size.go:89.35,93.2 1 1
github.com/apimgr/vidveil/src/common/terminal/symbols.go:75.43,76.23 1 1
github.com/apimgr/vidveil/src/common/terminal/symbols.go:76.23,78.3 1 1
github.com/apimgr/vidveil/src/common/terminal/symbols.go:79.2,79.21 1 1
github.com/apimgr/vidveil/src/common/terminal/symbols.go:83.29,88.2 3 1
github.com/apimgr/vidveil/src/common/banner/ascii.go:11.43,13.43 1 1
github.com/apimgr/vidveil/src/common/banner/ascii.go:13.43,15.3 1 1
github.com/apimgr/vidveil/src/common/banner/ascii.go:17.2,17.35 1 1
github.com/apimgr/vidveil/src/common/banner/ascii.go:32.49,47.2 6 1
github.com/apimgr/vidveil/src/common/banner/ascii.go:50.46,52.2 1 1
github.com/apimgr/vidveil/src/common/banner/ascii.go:55.44,57.2 1 1
github.com/apimgr/vidveil/src/common/banner/banner.go:29.43,32.9 2 1
github.com/apimgr/vidveil/src/common/banner/banner.go:33.46,34.30 1 1
github.com/apimgr/vidveil/src/common/banner/banner.go:35.45,36.33 1 0
github.com/apimgr/vidveil/src/common/banner/banner.go:37.45,38.33 1 0
github.com/apimgr/vidveil/src/common/banner/banner.go:39.10,40.31 1 0
github.com/apimgr/vidveil/src/common/banner/banner.go:46.47,53.31 6 1
github.com/apimgr/vidveil/src/common/banner/banner.go:53.31,55.3 1 1
github.com/apimgr/vidveil/src/common/banner/banner.go:57.2,57.43 1 1
github.com/apimgr/vidveil/src/common/banner/banner.go:57.43,61.3 3 1
github.com/apimgr/vidveil/src/common/banner/banner.go:62.2,62.15 1 1
github.com/apimgr/vidveil/src/common/banner/banner.go:67.50,70.31 3 1
github.com/apimgr/vidveil/src/common/banner/banner.go:70.31,72.3 1 1
github.com/apimgr/vidveil/src/common/banner/banner.go:73.2,73.43 1 1
github.com/apimgr/vidveil/src/common/banner/banner.go:73.43,75.3 1 1
github.com/apimgr/vidveil/src/common/banner/banner.go:80.50,82.31 2 1
github.com/apimgr/vidveil/src/common/banner/banner.go:82.31,84.3 1 1
github.com/apimgr/vidveil/src/common/banner/banner.go:89.48,90.23 1 1
github.com/apimgr/vidveil/src/common/banner/banner.go:90.23,92.3 1 1
github.com/apimgr/vidveil/src/common/banner/banner.go:92.8,94.3 1 1
github.com/apimgr/vidveil/src/common/banner/banner.go:99.79,100.14 1 1
github.com/apimgr/vidveil/src/common/banner/banner.go:100.14,102.12 2 1
github.com/apimgr/vidveil/src/common/banner/banner.go:102.12,104.4 1 1
github.com/apimgr/vidveil/src/common/banner/banner.go:104.9,104.38 1 1
github.com/apimgr/vidveil/src/common/banner/banner.go:104.38,106.4 1 1
github.com/apimgr/vidveil/src/common/banner/banner.go:106.9,108.4 1 1
github.com/apimgr/vidveil/src/common/banner/banner.go:109.3,109.56 1 1
github.com/apimgr/vidveil/src/common/banner/banner.go:110.8,112.3 1 1
github.com/apimgr/vidveil/src/common/banner/banner.go:117.41,119.43 1 1
github.com/apimgr/vidveil/src/common/banner/banner.go:119.43,127.3 1 1
github.com/apimgr/vidveil/src/common/banner/banner.go:129.2,129.60 1 1
github.com/apimgr/vidveil/src/common/banner/banner.go:134.41,137.46 2 1
github.com/apimgr/vidveil/src/common/banner/banner.go:137.46,139.3 1 1
github.com/apimgr/vidveil/src/common/banner/banner.go:141.2,141.44 1 1
github.com/apimgr/vidveil/src/common/banner/banner.go:141.44,143.3 1 1
github.com/apimgr/vidveil/src/common/banner/banner.go:144.2,144.10 1 1
github.com/apimgr/vidveil/src/server/service/cve/cve.go:75.61,85.2 3 1
github.com/apimgr/vidveil/src/server/service/cve/cve.go:88.41,89.53 1 1
github.com/apimgr/vidveil/src/server/service/cve/cve.go:89.53,91.3 1 1
github.com/apimgr/vidveil/src/server/service/cve/cve.go:92.2,92.12 1 1
github.com/apimgr/vidveil/src/server/service/cve/cve.go:96.56,97.46 1 1
github.com/apimgr/vidveil/src/server/service/cve/cve.go:97.46,99.3 1 1
github.com/apimgr/vidveil/src/server/service/cve/cve.go:101.2,102.18 2 1
github.com/apimgr/vidveil/src/server/service/cve/cve.go:102.18,105.3 1 0
github.com/apimgr/vidveil/src/server/service/cve/cve.go:108.2,108.55 1 1
github.com/apimgr/vidveil/src/server/service/cve/cve.go:108.55,110.3 1 1
github.com/apimgr/vidveil/src/server/service/cve/cve.go:113.2,114.83 2 1
github.com/apimgr/vidveil/src/server/service/cve/cve.go:118.80,125.16 3 1
github.com/apimgr/vidveil/src/server/service/cve/cve.go:125.16,127.3 1 1
github.com/apimgr/vidveil/src/server/service/cve/cve.go:129.2,130.16 2 1
github.com/apimgr/vidveil/src/server/service/cve/cve.go:130.16,132.3 1 1
github.com/apimgr/vidveil/src/server/service/cve/cve.go:133.2,135.38 2 1
github.com/apimgr/vidveil/src/server/service/cve/cve.go:135.38,137.3 1 1
github.com/apimgr/vidveil/src/server/service/cve/cve.go:140.2,142.16 3 1
github.com/apimgr/vidveil/src/server/service/cve/cve.go:142.16,144.3 1 0
github.com/apimgr/vidveil/src/server/service/cve/cve.go:145.2,148.52 2 1
github.com/apimgr/vidveil/src/server/service/cve/cve.go:148.52,150.3 1 0
github.com/apimgr/vidveil/src/server/service/cve/cve.go:153.2,153.32 1 1
github.com/apimgr/vidveil/src/server/service/cve/cve.go:157.57,159.16 2 1
github.com/apimgr/vidveil/src/server/service/cve/cve.go:159.16,161.3 1 1
github.com/apimgr/vidveil/src/server/service/cve/cve.go:162.2,165.63 3 1
github.com/apimgr/vidveil/src/server/service/cve/cve.go:165.63,167.3 1 1
github.com/apimgr/vidveil/src/server/service/cve/cve.go:169.2,176.40 4 1
github.com/apimgr/vidveil/src/server/service/cve/cve.go:176.40,181.52 3 1
github.com/apimgr/vidveil/src/server/service/cve/cve.go:181.52,183.4 1 1
github.com/apimgr/vidveil/src/server/service/cve/cve.go:186.3,193.50 4 1
github.com/apimgr/vidveil/src/server/service/cve/cve.go:193.50,194.40 1 1
github.com/apimgr/vidveil/src/server/service/cve/cve.go:194.40,196.5 1 1
github.com/apimgr/vidveil/src/server/service/cve/cve.go:200.3,200.68 1 1
github.com/apimgr/vidveil/src/server/service/cve/cve.go:200.68,201.12 1 0
github.com/apimgr/vidveil/src/server/service/cve/cve.go:205.3,216.4 3 1
github.com/apimgr/vidveil/src/server/service/cve/cve.go:219.2,219.12 1 1
github.com/apimgr/vidveil/src/server/service/cve/cve.go:223.61,224.9 1 1
github.com/apimgr/vidveil/src/server/service/cve/cve.go:225.19,226.20 1 1
github.com/apimgr/vidveil/src/server/service/cve/cve.go:227.19,228.16 1 1
github.com/apimgr/vidveil/src/server/service/cve/cve.go:229.19,230.18 1 1
github.com/apimgr/vidveil/src/server/service/cve/cve.go:231.16,232.15 1 1
github.com/apimgr/vidveil/src/server/service/cve/cve.go:233.10,234.16 1 1
github.com/apimgr/vidveil/src/server/service/cve/cve.go:239.59,245.2 4 1
github.com/apimgr/vidveil/src/server/service/cve/cve.go:248.56,255.32 5 1
[...]
github.com/apimgr/vidveil/src/server/service/database/sync.go:448.14,450.3 1 1
github.com/apimgr/vidveil/src/server/service/database/sync.go:451.2,453.21 2 1
github.com/apimgr/vidveil/src/server/service/database/sync.go:453.21,455.3 1 0
github.com/apimgr/vidveil/src/server/service/database/sync.go:456.2,456.12 1 1
github.com/apimgr/vidveil/src/server/service/email/email.go:139.65,147.2 3 1
github.com/apimgr/vidveil/src/server/service/email/email.go:150.91,151.39 1 1
github.com/apimgr/vidveil/src/server/service/email/email.go:151.39,153.3 1 1
github.com/apimgr/vidveil/src/server/service/email/email.go:156.2,157.16 2 1
github.com/apimgr/vidveil/src/server/service/email/email.go:157.16,159.3 1 1
github.com/apimgr/vidveil/src/server/service/email/email.go:162.2,173.39 7 1
github.com/apimgr/vidveil/src/server/service/email/email.go:177.65,180.54 2 1
github.com/apimgr/vidveil/src/server/service/email/email.go:180.54,182.3 1 1
github.com/apimgr/vidveil/src/server/service/email/email.go:185.2,185.86 1 1
github.com/apimgr/vidveil/src/server/service/email/email.go:185.86,187.3 1 1
github.com/apimgr/vidveil/src/server/service/email/email.go:190.2,190.44 1 1
github.com/apimgr/vidveil/src/server/service/email/email.go:190.44,192.3 1 0
github.com/apimgr/vidveil/src/server/service/email/email.go:194.2,194.55 1 1
github.com/apimgr/vidveil/src/server/service/email/email.go:198.78,200.21 2 1
github.com/apimgr/vidveil/src/server/service/email/email.go:200.21,202.3 1 1
github.com/apimgr/vidveil/src/server/service/email/email.go:205.2,206.49 2 1
github.com/apimgr/vidveil/src/server/service/email/email.go:206.49,208.3 1 1
github.com/apimgr/vidveil/src/server/service/email/email.go:208.8,210.3 1 1
github.com/apimgr/vidveil/src/server/service/email/email.go:212.2,213.8 2 1
github.com/apimgr/vidveil/src/server/service/email/email.go:217.78,218.25 1 1
github.com/apimgr/vidveil/src/server/service/email/email.go:218.25,220.3 1 1
github.com/apimgr/vidveil/src/server/service/email/email.go:221.2,221.13 1 1
github.com/apimgr/vidveil/src/server/service/email/email.go:225.58,228.82 2 1
github.com/apimgr/vidveil/src/server/service/email/email.go:228.82,230.3 1 1
github.com/apimgr/vidveil/src/server/service/email/email.go:231.2,234.49 4 1
github.com/apimgr/vidveil/src/server/service/email/email.go:234.49,236.3 1 1
github.com/apimgr/vidveil/src/server/service/email/email.go:237.2,243.3 1 1
github.com/apimgr/vidveil/src/server/service/email/email.go:248.127,259.20 8 1
github.com/apimgr/vidveil/src/server/service/email/email.go:259.20,261.3 1 1
github.com/apimgr/vidveil/src/server/service/email/email.go:262.2,262.20 1 1
github.com/apimgr/vidveil/src/server/service/email/email.go:262.20,264.3 1 1
github.com/apimgr/vidveil/src/server/service/email/email.go:267.2,268.20 2 1
github.com/apimgr/vidveil/src/server/service/email/email.go:268.20,270.3 1 1
github.com/apimgr/vidveil/src/server/service/email/email.go:273.2,273.42 1 1
github.com/apimgr/vidveil/src/server/service/email/email.go:273.42,275.3 1 1
github.com/apimgr/vidveil/src/server/service/email/email.go:276.2,276.42 1 1
github.com/apimgr/vidveil/src/server/service/email/email.go:276.42,277.53 1 1
github.com/apimgr/vidveil/src/server/service/email/email.go:277.53,279.4 1 1
github.com/apimgr/vidveil/src/server/service/email/email.go:281.2,281.46 1 1
github.com/apimgr/vidveil/src/server/service/email/email.go:281.46,283.3 1 1
github.com/apimgr/vidveil/src/server/service/email/email.go:284.2,284.46 1 1
github.com/apimgr/vidveil/src/server/service/email/email.go:284.46,286.3 1 1
github.com/apimgr/vidveil/src/server/service/email/email.go:287.2,287.41 1 1
github.com/apimgr/vidveil/src/server/service/email/email.go:287.41,289.3 1 1
github.com/apimgr/vidveil/src/server/service/email/email.go:290.2,290.47 1 1
github.com/apimgr/vidveil/src/server/service/email/email.go:290.47,292.3 1 1
github.com/apimgr/vidveil/src/server/service/email/email.go:293.2,293.48 1 1
github.com/apimgr/vidveil/src/server/service/email/email.go:293.48,295.3 1 1
github.com/apimgr/vidveil/src/server/service/email/email.go:297.2,297.8 1 1
github.com/apimgr/vidveil/src/server/service/email/email.go:301.66,305.55 2 1
github.com/apimgr/vidveil/src/server/service/email/email.go:305.55,307.14 2 1
github.com/apimgr/vidveil/src/server/service/email/email.go:307.14,309.4 1 0
github.com/apimgr/vidveil/src/server/service/email/email.go:312.2,312.16 1 1
github.com/apimgr/vidveil/src/server/service/email/email.go:312.16,314.3 1 1
github.com/apimgr/vidveil/src/server/service/email/email.go:317.2,318.20 2 1
github.com/apimgr/vidveil/src/server/service/email/email.go:318.20,320.3 1 1
github.com/apimgr/vidveil/src/server/service/email/email.go:323.2,336.20 11 1
github.com/apimgr/vidveil/src/server/service/email/email.go:336.20,338.3 1 1
github.com/apimgr/vidveil/src/server/service/email/email.go:341.2,341.40 1 1
github.com/apimgr/vidveil/src/server/service/email/email.go:341.40,342.18 1 1
github.com/apimgr/vidveil/src/server/service/email/email.go:342.18,344.4 1 1
github.com/apimgr/vidveil/src/server/service/email/email.go:344.9,346.4 1 0
github.com/apimgr/vidveil/src/server/service/email/email.go:349.2,349.22 1 1
github.com/apimgr/vidveil/src/server/service/email/email.go:349.22,352.3 1 1
github.com/apimgr/vidveil/src/server/service/email/email.go:355.2,355.67 1 1
github.com/apimgr/vidveil/src/server/service/email/email.go:359.102,365.16 3 1
github.com/apimgr/vidveil/src/server/service/email/email.go:365.16,367.3 1 1
github.com/apimgr/vidveil/src/server/service/email/email.go:368.2,371.16 3 0
github.com/apimgr/vidveil/src/server/service/email/email.go:371.16,373.3 1 0
github.com/apimgr/vidveil/src/server/service/email/email.go:374.2,376.17 2 0
github.com/apimgr/vidveil/src/server/service/email/email.go:376.17,377.43 1 0
github.com/apimgr/vidveil/src/server/service/email/email.go:377.43,379.4 1 0
github.com/apimgr/vidveil/src/server/service/email/email.go:382.2,382.42 1 0
github.com/apimgr/vidveil/src/server/service/email/email.go:382.42,384.3 1 0
github.com/apimgr/vidveil/src/server/service/email/email.go:386.2,386.40 1 0
github.com/apimgr/vidveil/src/server/service/email/email.go:386.40,388.3 1 0
github.com/apimgr/vidveil/src/server/service/email/email.go:390.2,391.16 2 0
github.com/apimgr/vidveil/src/server/service/email/email.go:391.16,393.3 1 0
github.com/apimgr/vidveil/src/server/service/email/email.go:395.2,396.16 2 0
github.com/apimgr/vidveil/src/server/service/email/email.go:396.16,398.3 1 0
github.com/apimgr/vidveil/src/server/service/email/email.go:400.2,401.16 2 0
github.com/apimgr/vidveil/src/server/service/email/email.go:401.16,403.3 1 0
github.com/apimgr/vidveil/src/server/service/email/email.go:405.2,405.22 1 0
github.com/apimgr/vidveil/src/server/service/email/email.go:409.55,413.2 3 1
github.com/apimgr/vidveil/src/server/service/email/email.go:418.76,420.21 2 1
github.com/apimgr/vidveil/src/server/service/email/email.go:420.21,424.37 2 1
github.com/apimgr/vidveil/src/server/service/email/email.go:424.37,426.4 1 1
github.com/apimgr/vidveil/src/server/service/email/email.go:429.2,430.21 2 1
github.com/apimgr/vidveil/src/server/service/email/email.go:430.21,432.3 1 1
github.com/apimgr/vidveil/src/server/service/email/email.go:434.2,434.29 1 1
github.com/apimgr/vidveil/src/server/service/email/email.go:434.29,435.30 1 1
github.com/apimgr/vidveil/src/server/service/email/email.go:435.30,436.38 1 1
github.com/apimgr/vidveil/src/server/service/email/email.go:436.38,438.5 1 1
github.com/apimgr/vidveil/src/server/service/email/email.go:442.2,442.14 1 1
github.com/apimgr/vidveil/src/server/service/email/email.go:446.53,451.16 3 1
github.com/apimgr/vidveil/src/server/service/email/email.go:451.16,453.3 1 1
github.com/apimgr/vidveil/src/server/service/email/email.go:454.2,460.17 3 1
github.com/apimgr/vidveil/src/server/service/email/email.go:460.17,466.45 2 0
github.com/apimgr/vidveil/src/server/service/email/email.go:466.45,468.4 1 0
github.com/apimgr/vidveil/src/server/service/email/email.go:469.3,469.17 1 0
github.com/apimgr/vidveil/src/server/service/email/email.go:473.2,474.16 2 1
github.com/apimgr/vidveil/src/server/service/email/email.go:474.16,476.3 1 0
github.com/apimgr/vidveil/src/server/service/email/email.go:477.2,480.50 2 1
github.com/apimgr/vidveil/src/server/service/email/email.go:480.50,482.3 1 0
github.com/apimgr/vidveil/src/server/service/email/email.go:484.2,484.13 1 1
github.com/apimgr/vidveil/src/server/service/email/email.go:489.50,490.16 1 1
github.com/apimgr/vidveil/src/server/service/email/email.go:490.16,492.3 1 1
github.com/apimgr/vidveil/src/server/service/email/email.go:493.2,493.37 1 1
github.com/apimgr/vidveil/src/server/service/email/email.go:493.37,495.3 1 1
github.com/apimgr/vidveil/src/server/service/email/email.go:496.2,496.12 1 0
github.com/apimgr/vidveil/src/server/service/email/email.go:500.28,503.16 2 1
github.com/apimgr/vidveil/src/server/service/email/email.go:503.16,505.3 1 0
github.com/apimgr/vidveil/src/server/service/email/email.go:506.2,511.15 4 1
github.com/apimgr/vidveil/src/server/service/email/email.go:511.15,513.3 1 0
github.com/apimgr/vidveil/src/server/service/email/email.go:514.2,515.20 2 1
github.com/apimgr/vidveil/src/server/service/email/email.go:519.50,521.2 1 1
github.com/apimgr/vidveil/src/server/service/email/email.go:524.51,526.37 2 1
github.com/apimgr/vidveil/src/server/service/email/email.go:526.37,528.3 1 1
github.com/apimgr/vidveil/src/server/service/email/email.go:529.2,529.18 1 1
github.com/apimgr/vidveil/src/server/service/email/email.go:533.65,535.2 1 1
github.com/apimgr/vidveil/src/server/service/email/email.go:538.65,539.57 1 1
github.com/apimgr/vidveil/src/server/service/email/email.go:539.57,541.3 1 0
github.com/apimgr/vidveil/src/server/service/email/email.go:542.2,543.50 2 1
github.com/apimgr/vidveil/src/server/service/email/email.go:547.57,549.49 2 1
github.com/apimgr/vidveil/src/server/service/email/email.go:549.49,551.3 1 1
github.com/apimgr/vidveil/src/server/service/email/email.go:552.2,552.24 1 1
github.com/apimgr/vidveil/src/server/service/email/email.go:556.59,560.2 3 1
github.com/apimgr/vidveil/src/server/service/cache/cache.go:50.71,52.14 2 1
github.com/apimgr/vidveil/src/server/service/cache/cache.go:52.14,54.3 1 1
github.com/apimgr/vidveil/src/server/service/cache/cache.go:56.2,56.18 1 1
github.com/apimgr/vidveil/src/server/service/cache/cache.go:57.39,58.73 1 1
github.com/apimgr/vidveil/src/server/service/cache/cache.go:59.10,60.47 1 1
github.com/apimgr/vidveil/src/server/service/cache/cache.go:80.66,81.14 1 1
github.com/apimgr/vidveil/src/server/service/cache/cache.go:81.14,83.3 1 1
github.com/apimgr/vidveil/src/server/service/cache/cache.go:84.2,84.18 1 1
github.com/apimgr/vidveil/src/server/service/cache/cache.go:84.18,86.3 1 1
github.com/apimgr/vidveil/src/server/service/cache/cache.go:88.2,100.10 4 1
github.com/apimgr/vidveil/src/server/service/cache/cache.go:104.37,107.2 2 1
github.com/apimgr/vidveil/src/server/service/cache/cache.go:110.69,115.9 4 1
github.com/apimgr/vidveil/src/server/service/cache/cache.go:115.9,117.3 1 1
github.com/apimgr/vidveil/src/server/service/cache/cache.go:120.2,120.41 1 1
github.com/apimgr/vidveil/src/server/service/cache/cache.go:120.41,122.3 1 1
github.com/apimgr/vidveil/src/server/service/cache/cache.go:124.2,124.29 1 1
github.com/apimgr/vidveil/src/server/service/cache/cache.go:128.71,133.33 3 1
github.com/apimgr/vidveil/src/server/service/cache/cache.go:133.33,135.3 1 1
github.com/apimgr/vidveil/src/server/service/cache/cache.go:137.2,140.3 1 1
github.com/apimgr/vidveil/src/server/service/cache/cache.go:144.42,148.2 3 1
github.com/apimgr/vidveil/src/server/service/cache/cache.go:151.31,155.2 3 1
github.com/apimgr/vidveil/src/server/service/cache/cache.go:158.34,162.2 3 1
github.com/apimgr/vidveil/src/server/service/cache/cache.go:165.54,174.2 3 1
github.com/apimgr/vidveil/src/server/service/cache/cache.go:177.37,185.30 3 1
github.com/apimgr/vidveil/src/server/service/cache/cache.go:185.30,187.3 1 1
github.com/apimgr/vidveil/src/server/service/cache/cache.go:190.2,190.36 1 1
github.com/apimgr/vidveil/src/server/service/cache/cache.go:190.36,191.39 1 1
github.com/apimgr/vidveil/src/server/service/cache/cache.go:191.39,192.37 1 1
github.com/apimgr/vidveil/src/server/service/cache/cache.go:192.37,194.5 1 0
github.com/apimgr/vidveil/src/server/service/cache/cache.go:199.2,200.18 2 1
github.com/apimgr/vidveil/src/server/service/cache/cache.go:200.18,202.3 1 1
github.com/apimgr/vidveil/src/server/service/cache/cache.go:204.2,204.50 1 1
github.com/apimgr/vidveil/src/server/service/cache/cache.go:204.50,206.3 1 1
github.com/apimgr/vidveil/src/server/service/cache/cache.go:210.33,214.6 3 1
github.com/apimgr/vidveil/src/server/service/cache/cache.go:214.6,215.10 1 1
github.com/apimgr/vidveil/src/server/service/cache/cache.go:216.23,217.10 1 1
github.com/apimgr/vidveil/src/server/service/cache/cache.go:218.19,221.38 3 1
github.com/apimgr/vidveil/src/server/service/cache/cache.go:221.38,222.41 1 1
github.com/apimgr/vidveil/src/server/service/cache/cache.go:222.41,224.6 1 1
github.com/apimgr/vidveil/src/server/service/cache/cache.go:226.4,226.17 1 1
github.com/apimgr/vidveil/src/server/service/cache/cache.go:232.64,234.22 2 1
github.com/apimgr/vidveil/src/server/service/cache/cache.go:234.22,235.29 1 1
github.com/apimgr/vidveil/src/server/service/cache/cache.go:235.29,237.4 1 1
github.com/apimgr/vidveil/src/server/service/cache/cache.go:239.2,239.12 1 1
github.com/apimgr/vidveil/src/server/service/cache/cache.go:252.108,253.16 1 1
github.com/apimgr/vidveil/src/server/service/cache/cache.go:253.16,255.3 1 0
github.com/apimgr/vidveil/src/server/service/cache/cache.go:256.2,256.18 1 1
github.com/apimgr/vidveil/src/server/service/cache/cache.go:256.18,258.3 1 1
github.com/apimgr/vidveil/src/server/service/cache/cache.go:260.2,269.47 4 1
github.com/apimgr/vidveil/src/server/service/cache/cache.go:269.47,272.3 2 1
github.com/apimgr/vidveil/src/server/service/cache/cache.go:274.2,278.8 1 0
github.com/apimgr/vidveil/src/server/service/cache/cache.go:282.69,286.12 4 1
github.com/apimgr/vidveil/src/server/service/cache/cache.go:286.12,288.3 1 1
github.com/apimgr/vidveil/src/server/service/cache/cache.go:290.2,292.16 3 1
github.com/apimgr/vidveil/src/server/service/cache/cache.go:292.16,294.3 1 1
github.com/apimgr/vidveil/src/server/service/cache/cache.go:296.2,297.56 2 0
github.com/apimgr/vidveil/src/server/service/cache/cache.go:297.56,299.3 1 0
github.com/apimgr/vidveil/src/server/service/cache/cache.go:300.2,300.24 1 0
github.com/apimgr/vidveil/src/server/service/cache/cache.go:304.71,308.12 4 1
github.com/apimgr/vidveil/src/server/service/cache/cache.go:308.12,310.3 1 1
github.com/apimgr/vidveil/src/server/service/cache/cache.go:312.2,313.16 2 1
github.com/apimgr/vidveil/src/server/service/cache/cache.go:313.16,315.3 1 0
github.com/apimgr/vidveil/src/server/service/cache/cache.go:317.2,318.46 2 1
github.com/apimgr/vidveil/src/server/service/cache/cache.go:322.42,326.12 4 1
github.com/apimgr/vidveil/src/server/service/cache/cache.go:326.12,328.3 1 1
github.com/apimgr/vidveil/src/server/service/cache/cache.go:330.2,331.33 2 1
github.com/apimgr/vidveil/src/server/service/cache/cache.go:335.31,339.12 4 1
github.com/apimgr/vidveil/src/server/service/cache/cache.go:339.12,341.3 1 1
github.com/apimgr/vidveil/src/server/service/cache/cache.go:343.2,345.6 3 1
github.com/apimgr/vidveil/src/server/service/cache/cache.go:345.6,347.17 2 1
github.com/apimgr/vidveil/src/server/service/cache/cache.go:347.17,348.9 1 1
github.com/apimgr/vidveil/src/server/service/cache/cache.go:350.3,350.20 1 0
github.com/apimgr/vidveil/src/server/service/cache/cache.go:350.20,352.4 1 0
github.com/apimgr/vidveil/src/server/service/cache/cache.go:353.3,354.18 2 0
github.com/apimgr/vidveil/src/server/service/cache/cache.go:354.18,355.9 1 0
github.com/apimgr/vidveil/src/server/service/cache/cache.go:361.34,365.12 4 1
github.com/apimgr/vidveil/src/server/service/cache/cache.go:365.12,367.3 1 1
github.com/apimgr/vidveil/src/server/service/cache/cache.go:369.2,372.6 4 1
github.com/apimgr/vidveil/src/server/service/cache/cache.go:372.6,374.17 2 1
github.com/apimgr/vidveil/src/server/service/cache/cache.go:374.17,375.9 1 1
github.com/apimgr/vidveil/src/server/service/cache/cache.go:377.3,379.18 3 0
github.com/apimgr/vidveil/src/server/service/cache/cache.go:379.18,380.9 1 0
github.com/apimgr/vidveil/src/server/service/cache/cache.go:383.2,383.14 1 1
github.com/apimgr/vidveil/src/server/service/cache/cache.go:387.54,398.15 4 1
github.com/apimgr/vidveil/src/server/service/cache/cache.go:398.15,400.78 2 1
github.com/apimgr/vidveil/src/server/service/cache/cache.go:400.78,402.4 1 0
github.com/apimgr/vidveil/src/server/service/cache/cache.go:403.3,403.46 1 1
github.com/apimgr/vidveil/src/server/service/cache/cache.go:403.46,406.4 2 1
github.com/apimgr/vidveil/src/server/service/cache/cache.go:409.2,409.14 1 1
github.com/apimgr/vidveil/src/server/service/cache/cache.go:413.37,418.2 4 1
github.com/apimgr/vidveil/src/server/service/cache/headers.go:35.92,37.21 1 1
github.com/apimgr/vidveil/src/server/service/cache/headers.go:37.21,40.3 2 1
github.com/apimgr/vidveil/src/server/service/cache/headers.go:42.2,42.21 1 1
github.com/apimgr/vidveil/src/server/service/cache/headers.go:43.21,45.73 1 1
github.com/apimgr/vidveil/src/server/service/cache/headers.go:46.18,48.56 1 1
github.com/apimgr/vidveil/src/server/service/cache/headers.go:49.19,51.46 1 1
github.com/apimgr/vidveil/src/server/service/cache/headers.go:52.22,54.55 1 1
github.com/apimgr/vidveil/src/server/service/cache/headers.go:55.20,57.46 1 1
github.com/apimgr/vidveil/src/server/service/cache/headers.go:58.10,60.46 1 1
github.com/apimgr/vidveil/src/server/service/cache/headers.go:65.51,67.2 1 1
github.com/apimgr/vidveil/src/server/service/cache/headers.go:70.48,72.2 1 1
github.com/apimgr/vidveil/src/server/service/cache/headers.go:75.40,77.2 1 1
github.com/apimgr/vidveil/src/server/service/cache/lock.go:16.13,17.18 1 1
github.com/apimgr/vidveil/src/server/service/cache/lock.go:17.18,19.3 1 0
github.com/apimgr/vidveil/src/server/service/cache/lock.go:44.44,51.2 3 1
github.com/apimgr/vidveil/src/server/service/cache/lock.go:55.106,63.43 5 1
github.com/apimgr/vidveil/src/server/service/cache/lock.go:63.43,64.35 1 1
github.com/apimgr/vidveil/src/server/service/cache/lock.go:64.35,67.4 1 1
github.com/apimgr/vidveil/src/server/service/cache/lock.go:72.2,76.18 2 1
github.com/apimgr/vidveil/src/server/service/cache/lock.go:80.79,85.43 4 1
github.com/apimgr/vidveil/src/server/service/cache/lock.go:85.43,87.31 1 1
github.com/apimgr/vidveil/src/server/service/cache/lock.go:87.31,89.4 1 1
github.com/apimgr/vidveil/src/server/service/cache/lock.go:91.2,91.12 1 1
github.com/apimgr/vidveil/src/server/service/cache/lock.go:95.84,100.43 4 1
github.com/apimgr/vidveil/src/server/service/cache/lock.go:100.43,101.42 1 1
github.com/apimgr/vidveil/src/server/service/cache/lock.go:101.42,103.4 1 1
github.com/apimgr/vidveil/src/server/service/cache/lock.go:105.3,105.28 1 1
github.com/apimgr/vidveil/src/server/service/cache/lock.go:107.2,107.19 1 1
github.com/apimgr/vidveil/src/server/service/cache/lock.go:111.38,115.21 3 1
github.com/apimgr/vidveil/src/server/service/cache/lock.go:115.21,118.36 3 0
github.com/apimgr/vidveil/src/server/service/cache/lock.go:118.36,119.32 1 0
github.com/apimgr/vidveil/src/server/service/cache/lock.go:119.32,121.5 1 0
github.com/apimgr/vidveil/src/server/service/cache/lock.go:123.3,123.17 1 0
github.com/apimgr/vidveil/src/server/service/cache/lock.go:129.107,131.16 2 1
github.com/apimgr/vidveil/src/server/service/cache/lock.go:131.16,133.3 1 1
github.com/apimgr/vidveil/src/server/service/cache/lock.go:134.2,134.15 1 1
github.com/apimgr/vidveil/src/server/service/cache/lock.go:134.15,137.3 1 1
github.com/apimgr/vidveil/src/server/service/cache/lock.go:138.2,139.13 2 1
